{"uid":"60b0e235bdd69251","name":"test_network_cut_no_ip_change_application_https","fullName":"tests.integration.ha.test_network_cut#test_network_cut_no_ip_change_application_https","historyId":"f017ab4a27c0de950e7f724c4ab33ef2","time":{"start":1725762647457,"stop":1725762647457,"duration":0},"status":"skipped","statusMessage":"XFAIL reason: aborted\n\n_pytest.outcomes.XFailed: aborted","statusTrace":"Traceback (most recent call last):\n  File \"/home/ubuntu/actions-runner/_work/opensearch-dashboards-operator/opensearch-dashboards-operator/.tox/integration/lib/python3.10/site-packages/_pytest/runner.py\", line 341, in from_call\n    result: TResult | None = func()\n  File \"/home/ubuntu/actions-runner/_work/opensearch-dashboards-operator/opensearch-dashboards-operator/.tox/integration/lib/python3.10/site-packages/_pytest/runner.py\", line 242, in <lambda>\n    lambda: runtest_hook(item=item, **kwds), when=when, reraise=reraise\n  File \"/home/ubuntu/actions-runner/_work/opensearch-dashboards-operator/opensearch-dashboards-operator/.tox/integration/lib/python3.10/site-packages/pluggy/_hooks.py\", line 513, in __call__\n    return self._hookexec(self.name, self._hookimpls.copy(), kwargs, firstresult)\n  File \"/home/ubuntu/actions-runner/_work/opensearch-dashboards-operator/opensearch-dashboards-operator/.tox/integration/lib/python3.10/site-packages/pluggy/_manager.py\", line 120, in _hookexec\n    return self._inner_hookexec(hook_name, methods, kwargs, firstresult)\n  File \"/home/ubuntu/actions-runner/_work/opensearch-dashboards-operator/opensearch-dashboards-operator/.tox/integration/lib/python3.10/site-packages/pluggy/_callers.py\", line 182, in _multicall\n    return outcome.get_result()\n  File \"/home/ubuntu/actions-runner/_work/opensearch-dashboards-operator/opensearch-dashboards-operator/.tox/integration/lib/python3.10/site-packages/pluggy/_result.py\", line 100, in get_result\n    raise exc.with_traceback(exc.__traceback__)\n  File \"/home/ubuntu/actions-runner/_work/opensearch-dashboards-operator/opensearch-dashboards-operator/.tox/integration/lib/python3.10/site-packages/pluggy/_callers.py\", line 167, in _multicall\n    teardown.throw(outcome._exception)\n  File \"/home/ubuntu/actions-runner/_work/opensearch-dashboards-operator/opensearch-dashboards-operator/.tox/integration/lib/python3.10/site-packages/_pytest/unraisableexception.py\", line 90, in pytest_runtest_setup\n    yield from unraisable_exception_runtest_hook()\n  File \"/home/ubuntu/actions-runner/_work/opensearch-dashboards-operator/opensearch-dashboards-operator/.tox/integration/lib/python3.10/site-packages/_pytest/unraisableexception.py\", line 70, in unraisable_exception_runtest_hook\n    yield\n  File \"/home/ubuntu/actions-runner/_work/opensearch-dashboards-operator/opensearch-dashboards-operator/.tox/integration/lib/python3.10/site-packages/pluggy/_callers.py\", line 167, in _multicall\n    teardown.throw(outcome._exception)\n  File \"/home/ubuntu/actions-runner/_work/opensearch-dashboards-operator/opensearch-dashboards-operator/.tox/integration/lib/python3.10/site-packages/_pytest/logging.py\", line 842, in pytest_runtest_setup\n    yield from self._runtest_for(item, \"setup\")\n  File \"/home/ubuntu/actions-runner/_work/opensearch-dashboards-operator/opensearch-dashboards-operator/.tox/integration/lib/python3.10/site-packages/_pytest/logging.py\", line 831, in _runtest_for\n    yield\n  File \"/home/ubuntu/actions-runner/_work/opensearch-dashboards-operator/opensearch-dashboards-operator/.tox/integration/lib/python3.10/site-packages/pluggy/_callers.py\", line 167, in _multicall\n    teardown.throw(outcome._exception)\n  File \"/home/ubuntu/actions-runner/_work/opensearch-dashboards-operator/opensearch-dashboards-operator/.tox/integration/lib/python3.10/site-packages/_pytest/capture.py\", line 874, in pytest_runtest_setup\n    return (yield)\n  File \"/home/ubuntu/actions-runner/_work/opensearch-dashboards-operator/opensearch-dashboards-operator/.tox/integration/lib/python3.10/site-packages/pluggy/_callers.py\", line 167, in _multicall\n    teardown.throw(outcome._exception)\n  File \"/home/ubuntu/actions-runner/_work/opensearch-dashboards-operator/opensearch-dashboards-operator/.tox/integration/lib/python3.10/site-packages/_pytest/threadexception.py\", line 87, in pytest_runtest_setup\n    yield from thread_exception_runtest_hook()\n  File \"/home/ubuntu/actions-runner/_work/opensearch-dashboards-operator/opensearch-dashboards-operator/.tox/integration/lib/python3.10/site-packages/_pytest/threadexception.py\", line 68, in thread_exception_runtest_hook\n    yield\n  File \"/home/ubuntu/actions-runner/_work/opensearch-dashboards-operator/opensearch-dashboards-operator/.tox/integration/lib/python3.10/site-packages/pluggy/_callers.py\", line 103, in _multicall\n    res = hook_impl.function(*args)\n  File \"/home/ubuntu/actions-runner/_work/opensearch-dashboards-operator/opensearch-dashboards-operator/.tox/integration/lib/python3.10/site-packages/_pytest/runner.py\", line 160, in pytest_runtest_setup\n    item.session._setupstate.setup(item)\n  File \"/home/ubuntu/actions-runner/_work/opensearch-dashboards-operator/opensearch-dashboards-operator/.tox/integration/lib/python3.10/site-packages/_pytest/runner.py\", line 514, in setup\n    col.setup()\n  File \"/home/ubuntu/actions-runner/_work/opensearch-dashboards-operator/opensearch-dashboards-operator/.tox/integration/lib/python3.10/site-packages/_pytest/python.py\", line 1630, in setup\n    self._request._fillfixtures()\n  File \"/home/ubuntu/actions-runner/_work/opensearch-dashboards-operator/opensearch-dashboards-operator/.tox/integration/lib/python3.10/site-packages/_pytest/fixtures.py\", line 696, in _fillfixtures\n    item.funcargs[argname] = self.getfixturevalue(argname)\n  File \"/home/ubuntu/actions-runner/_work/opensearch-dashboards-operator/opensearch-dashboards-operator/.tox/integration/lib/python3.10/site-packages/_pytest/fixtures.py\", line 531, in getfixturevalue\n    fixturedef = self._get_active_fixturedef(argname)\n  File \"/home/ubuntu/actions-runner/_work/opensearch-dashboards-operator/opensearch-dashboards-operator/.tox/integration/lib/python3.10/site-packages/_pytest/fixtures.py\", line 616, in _get_active_fixturedef\n    fixturedef.execute(request=subrequest)\n  File \"/home/ubuntu/actions-runner/_work/opensearch-dashboards-operator/opensearch-dashboards-operator/.tox/integration/lib/python3.10/site-packages/_pytest/fixtures.py\", line 1090, in execute\n    result = ihook.pytest_fixture_setup(fixturedef=self, request=request)\n  File \"/home/ubuntu/actions-runner/_work/opensearch-dashboards-operator/opensearch-dashboards-operator/.tox/integration/lib/python3.10/site-packages/pluggy/_hooks.py\", line 513, in __call__\n    return self._hookexec(self.name, self._hookimpls.copy(), kwargs, firstresult)\n  File \"/home/ubuntu/actions-runner/_work/opensearch-dashboards-operator/opensearch-dashboards-operator/.tox/integration/lib/python3.10/site-packages/pluggy/_manager.py\", line 120, in _hookexec\n    return self._inner_hookexec(hook_name, methods, kwargs, firstresult)\n  File \"/home/ubuntu/actions-runner/_work/opensearch-dashboards-operator/opensearch-dashboards-operator/.tox/integration/lib/python3.10/site-packages/pluggy/_callers.py\", line 182, in _multicall\n    return outcome.get_result()\n  File \"/home/ubuntu/actions-runner/_work/opensearch-dashboards-operator/opensearch-dashboards-operator/.tox/integration/lib/python3.10/site-packages/pluggy/_result.py\", line 100, in get_result\n    raise exc.with_traceback(exc.__traceback__)\n  File \"/home/ubuntu/actions-runner/_work/opensearch-dashboards-operator/opensearch-dashboards-operator/.tox/integration/lib/python3.10/site-packages/pluggy/_callers.py\", line 167, in _multicall\n    teardown.throw(outcome._exception)\n  File \"/home/ubuntu/actions-runner/_work/opensearch-dashboards-operator/opensearch-dashboards-operator/.tox/integration/lib/python3.10/site-packages/_pytest/setuponly.py\", line 36, in pytest_fixture_setup\n    return (yield)\n  File \"/home/ubuntu/actions-runner/_work/opensearch-dashboards-operator/opensearch-dashboards-operator/.tox/integration/lib/python3.10/site-packages/pluggy/_callers.py\", line 103, in _multicall\n    res = hook_impl.function(*args)\n  File \"/home/ubuntu/actions-runner/_work/opensearch-dashboards-operator/opensearch-dashboards-operator/.tox/integration/lib/python3.10/site-packages/_pytest/fixtures.py\", line 1139, in pytest_fixture_setup\n    result = call_fixture_func(fixturefunc, request, kwargs)\n  File \"/home/ubuntu/actions-runner/_work/opensearch-dashboards-operator/opensearch-dashboards-operator/.tox/integration/lib/python3.10/site-packages/_pytest/fixtures.py\", line 890, in call_fixture_func\n    fixture_result = next(generator)\n  File \"/home/ubuntu/actions-runner/_work/opensearch-dashboards-operator/opensearch-dashboards-operator/.tox/integration/lib/python3.10/site-packages/pytest_operator/plugin.py\", line 228, in abort_on_fail\n    pytest.xfail(\"aborted\")\n  File \"/home/ubuntu/actions-runner/_work/opensearch-dashboards-operator/opensearch-dashboards-operator/.tox/integration/lib/python3.10/site-packages/_pytest/outcomes.py\", line 206, in xfail\n    raise XFailed(reason)\n_pytest.outcomes.XFailed: aborted","flaky":false,"newFailed":false,"newBroken":false,"newPassed":false,"retriesCount":1,"retriesStatusChange":true,"beforeStages":[{"name":"event_loop","time":{"start":1725761313875,"stop":1725761313876,"duration":1},"status":"passed","steps":[],"attachments":[],"parameters":[],"stepsCount":0,"shouldDisplayMessage":false,"attachmentsCount":0,"hasContent":false,"attachmentStep":false},{"name":"tmp_path_factory","time":{"start":1725761313876,"stop":1725761313876,"duration":0},"status":"passed","steps":[],"attachments":[],"parameters":[],"stepsCount":0,"shouldDisplayMessage":false,"attachmentsCount":0,"hasContent":false,"attachmentStep":false},{"name":"opensearch_sysctl_settings","time":{"start":1725761313876,"stop":1725761313903,"duration":27},"status":"passed","steps":[],"attachments":[],"parameters":[],"stepsCount":0,"shouldDisplayMessage":false,"attachmentsCount":0,"hasContent":false,"attachmentStep":false},{"name":"ops_test","time":{"start":1725761313903,"stop":1725761314042,"duration":139},"status":"passed","steps":[],"attachments":[],"parameters":[],"stepsCount":0,"shouldDisplayMessage":false,"attachmentsCount":0,"hasContent":false,"attachmentStep":false},{"name":"abort_on_fail","time":{"start":1725762647458,"stop":1725762647458,"duration":0},"status":"failed","statusMessage":"_pytest.outcomes.XFailed: aborted\n","statusTrace":"  File \"/home/ubuntu/actions-runner/_work/opensearch-dashboards-operator/opensearch-dashboards-operator/.tox/integration/lib/python3.10/site-packages/pluggy/_callers.py\", line 167, in _multicall\n    teardown.throw(outcome._exception)\n  File \"/home/ubuntu/actions-runner/_work/opensearch-dashboards-operator/opensearch-dashboards-operator/.tox/integration/lib/python3.10/site-packages/_pytest/setuponly.py\", line 36, in pytest_fixture_setup\n    return (yield)\n  File \"/home/ubuntu/actions-runner/_work/opensearch-dashboards-operator/opensearch-dashboards-operator/.tox/integration/lib/python3.10/site-packages/pluggy/_callers.py\", line 103, in _multicall\n    res = hook_impl.function(*args)\n  File \"/home/ubuntu/actions-runner/_work/opensearch-dashboards-operator/opensearch-dashboards-operator/.tox/integration/lib/python3.10/site-packages/_pytest/fixtures.py\", line 1139, in pytest_fixture_setup\n    result = call_fixture_func(fixturefunc, request, kwargs)\n  File \"/home/ubuntu/actions-runner/_work/opensearch-dashboards-operator/opensearch-dashboards-operator/.tox/integration/lib/python3.10/site-packages/_pytest/fixtures.py\", line 890, in call_fixture_func\n    fixture_result = next(generator)\n  File \"/home/ubuntu/actions-runner/_work/opensearch-dashboards-operator/opensearch-dashboards-operator/.tox/integration/lib/python3.10/site-packages/pytest_operator/plugin.py\", line 228, in abort_on_fail\n    pytest.xfail(\"aborted\")\n  File \"/home/ubuntu/actions-runner/_work/opensearch-dashboards-operator/opensearch-dashboards-operator/.tox/integration/lib/python3.10/site-packages/_pytest/outcomes.py\", line 206, in xfail\n    raise XFailed(reason)\n","steps":[],"attachments":[],"parameters":[],"stepsCount":0,"shouldDisplayMessage":true,"attachmentsCount":0,"hasContent":true,"attachmentStep":false}],"testStage":{"status":"skipped","statusMessage":"XFAIL reason: aborted\n\n_pytest.outcomes.XFailed: aborted","statusTrace":"Traceback (most recent call last):\n  File \"/home/ubuntu/actions-runner/_work/opensearch-dashboards-operator/opensearch-dashboards-operator/.tox/integration/lib/python3.10/site-packages/_pytest/runner.py\", line 341, in from_call\n    result: TResult | None = func()\n  File \"/home/ubuntu/actions-runner/_work/opensearch-dashboards-operator/opensearch-dashboards-operator/.tox/integration/lib/python3.10/site-packages/_pytest/runner.py\", line 242, in <lambda>\n    lambda: runtest_hook(item=item, **kwds), when=when, reraise=reraise\n  File \"/home/ubuntu/actions-runner/_work/opensearch-dashboards-operator/opensearch-dashboards-operator/.tox/integration/lib/python3.10/site-packages/pluggy/_hooks.py\", line 513, in __call__\n    return self._hookexec(self.name, self._hookimpls.copy(), kwargs, firstresult)\n  File \"/home/ubuntu/actions-runner/_work/opensearch-dashboards-operator/opensearch-dashboards-operator/.tox/integration/lib/python3.10/site-packages/pluggy/_manager.py\", line 120, in _hookexec\n    return self._inner_hookexec(hook_name, methods, kwargs, firstresult)\n  File \"/home/ubuntu/actions-runner/_work/opensearch-dashboards-operator/opensearch-dashboards-operator/.tox/integration/lib/python3.10/site-packages/pluggy/_callers.py\", line 182, in _multicall\n    return outcome.get_result()\n  File \"/home/ubuntu/actions-runner/_work/opensearch-dashboards-operator/opensearch-dashboards-operator/.tox/integration/lib/python3.10/site-packages/pluggy/_result.py\", line 100, in get_result\n    raise exc.with_traceback(exc.__traceback__)\n  File \"/home/ubuntu/actions-runner/_work/opensearch-dashboards-operator/opensearch-dashboards-operator/.tox/integration/lib/python3.10/site-packages/pluggy/_callers.py\", line 167, in _multicall\n    teardown.throw(outcome._exception)\n  File \"/home/ubuntu/actions-runner/_work/opensearch-dashboards-operator/opensearch-dashboards-operator/.tox/integration/lib/python3.10/site-packages/_pytest/unraisableexception.py\", line 90, in pytest_runtest_setup\n    yield from unraisable_exception_runtest_hook()\n  File \"/home/ubuntu/actions-runner/_work/opensearch-dashboards-operator/opensearch-dashboards-operator/.tox/integration/lib/python3.10/site-packages/_pytest/unraisableexception.py\", line 70, in unraisable_exception_runtest_hook\n    yield\n  File \"/home/ubuntu/actions-runner/_work/opensearch-dashboards-operator/opensearch-dashboards-operator/.tox/integration/lib/python3.10/site-packages/pluggy/_callers.py\", line 167, in _multicall\n    teardown.throw(outcome._exception)\n  File \"/home/ubuntu/actions-runner/_work/opensearch-dashboards-operator/opensearch-dashboards-operator/.tox/integration/lib/python3.10/site-packages/_pytest/logging.py\", line 842, in pytest_runtest_setup\n    yield from self._runtest_for(item, \"setup\")\n  File \"/home/ubuntu/actions-runner/_work/opensearch-dashboards-operator/opensearch-dashboards-operator/.tox/integration/lib/python3.10/site-packages/_pytest/logging.py\", line 831, in _runtest_for\n    yield\n  File \"/home/ubuntu/actions-runner/_work/opensearch-dashboards-operator/opensearch-dashboards-operator/.tox/integration/lib/python3.10/site-packages/pluggy/_callers.py\", line 167, in _multicall\n    teardown.throw(outcome._exception)\n  File \"/home/ubuntu/actions-runner/_work/opensearch-dashboards-operator/opensearch-dashboards-operator/.tox/integration/lib/python3.10/site-packages/_pytest/capture.py\", line 874, in pytest_runtest_setup\n    return (yield)\n  File \"/home/ubuntu/actions-runner/_work/opensearch-dashboards-operator/opensearch-dashboards-operator/.tox/integration/lib/python3.10/site-packages/pluggy/_callers.py\", line 167, in _multicall\n    teardown.throw(outcome._exception)\n  File \"/home/ubuntu/actions-runner/_work/opensearch-dashboards-operator/opensearch-dashboards-operator/.tox/integration/lib/python3.10/site-packages/_pytest/threadexception.py\", line 87, in pytest_runtest_setup\n    yield from thread_exception_runtest_hook()\n  File \"/home/ubuntu/actions-runner/_work/opensearch-dashboards-operator/opensearch-dashboards-operator/.tox/integration/lib/python3.10/site-packages/_pytest/threadexception.py\", line 68, in thread_exception_runtest_hook\n    yield\n  File \"/home/ubuntu/actions-runner/_work/opensearch-dashboards-operator/opensearch-dashboards-operator/.tox/integration/lib/python3.10/site-packages/pluggy/_callers.py\", line 103, in _multicall\n    res = hook_impl.function(*args)\n  File \"/home/ubuntu/actions-runner/_work/opensearch-dashboards-operator/opensearch-dashboards-operator/.tox/integration/lib/python3.10/site-packages/_pytest/runner.py\", line 160, in pytest_runtest_setup\n    item.session._setupstate.setup(item)\n  File \"/home/ubuntu/actions-runner/_work/opensearch-dashboards-operator/opensearch-dashboards-operator/.tox/integration/lib/python3.10/site-packages/_pytest/runner.py\", line 514, in setup\n    col.setup()\n  File \"/home/ubuntu/actions-runner/_work/opensearch-dashboards-operator/opensearch-dashboards-operator/.tox/integration/lib/python3.10/site-packages/_pytest/python.py\", line 1630, in setup\n    self._request._fillfixtures()\n  File \"/home/ubuntu/actions-runner/_work/opensearch-dashboards-operator/opensearch-dashboards-operator/.tox/integration/lib/python3.10/site-packages/_pytest/fixtures.py\", line 696, in _fillfixtures\n    item.funcargs[argname] = self.getfixturevalue(argname)\n  File \"/home/ubuntu/actions-runner/_work/opensearch-dashboards-operator/opensearch-dashboards-operator/.tox/integration/lib/python3.10/site-packages/_pytest/fixtures.py\", line 531, in getfixturevalue\n    fixturedef = self._get_active_fixturedef(argname)\n  File \"/home/ubuntu/actions-runner/_work/opensearch-dashboards-operator/opensearch-dashboards-operator/.tox/integration/lib/python3.10/site-packages/_pytest/fixtures.py\", line 616, in _get_active_fixturedef\n    fixturedef.execute(request=subrequest)\n  File \"/home/ubuntu/actions-runner/_work/opensearch-dashboards-operator/opensearch-dashboards-operator/.tox/integration/lib/python3.10/site-packages/_pytest/fixtures.py\", line 1090, in execute\n    result = ihook.pytest_fixture_setup(fixturedef=self, request=request)\n  File \"/home/ubuntu/actions-runner/_work/opensearch-dashboards-operator/opensearch-dashboards-operator/.tox/integration/lib/python3.10/site-packages/pluggy/_hooks.py\", line 513, in __call__\n    return self._hookexec(self.name, self._hookimpls.copy(), kwargs, firstresult)\n  File \"/home/ubuntu/actions-runner/_work/opensearch-dashboards-operator/opensearch-dashboards-operator/.tox/integration/lib/python3.10/site-packages/pluggy/_manager.py\", line 120, in _hookexec\n    return self._inner_hookexec(hook_name, methods, kwargs, firstresult)\n  File \"/home/ubuntu/actions-runner/_work/opensearch-dashboards-operator/opensearch-dashboards-operator/.tox/integration/lib/python3.10/site-packages/pluggy/_callers.py\", line 182, in _multicall\n    return outcome.get_result()\n  File \"/home/ubuntu/actions-runner/_work/opensearch-dashboards-operator/opensearch-dashboards-operator/.tox/integration/lib/python3.10/site-packages/pluggy/_result.py\", line 100, in get_result\n    raise exc.with_traceback(exc.__traceback__)\n  File \"/home/ubuntu/actions-runner/_work/opensearch-dashboards-operator/opensearch-dashboards-operator/.tox/integration/lib/python3.10/site-packages/pluggy/_callers.py\", line 167, in _multicall\n    teardown.throw(outcome._exception)\n  File \"/home/ubuntu/actions-runner/_work/opensearch-dashboards-operator/opensearch-dashboards-operator/.tox/integration/lib/python3.10/site-packages/_pytest/setuponly.py\", line 36, in pytest_fixture_setup\n    return (yield)\n  File \"/home/ubuntu/actions-runner/_work/opensearch-dashboards-operator/opensearch-dashboards-operator/.tox/integration/lib/python3.10/site-packages/pluggy/_callers.py\", line 103, in _multicall\n    res = hook_impl.function(*args)\n  File \"/home/ubuntu/actions-runner/_work/opensearch-dashboards-operator/opensearch-dashboards-operator/.tox/integration/lib/python3.10/site-packages/_pytest/fixtures.py\", line 1139, in pytest_fixture_setup\n    result = call_fixture_func(fixturefunc, request, kwargs)\n  File \"/home/ubuntu/actions-runner/_work/opensearch-dashboards-operator/opensearch-dashboards-operator/.tox/integration/lib/python3.10/site-packages/_pytest/fixtures.py\", line 890, in call_fixture_func\n    fixture_result = next(generator)\n  File \"/home/ubuntu/actions-runner/_work/opensearch-dashboards-operator/opensearch-dashboards-operator/.tox/integration/lib/python3.10/site-packages/pytest_operator/plugin.py\", line 228, in abort_on_fail\n    pytest.xfail(\"aborted\")\n  File \"/home/ubuntu/actions-runner/_work/opensearch-dashboards-operator/opensearch-dashboards-operator/.tox/integration/lib/python3.10/site-packages/_pytest/outcomes.py\", line 206, in xfail\n    raise XFailed(reason)\n_pytest.outcomes.XFailed: aborted","steps":[],"attachments":[{"uid":"10e4251e7361186a","name":"log","source":"10e4251e7361186a.txt","type":"text/plain","size":60154}],"parameters":[],"stepsCount":0,"shouldDisplayMessage":true,"attachmentsCount":1,"hasContent":true,"attachmentStep":false},"afterStages":[{"name":"ops_test::finalizer","time":{"start":1725762647459,"stop":1725762647820,"duration":361},"status":"passed","steps":[],"attachments":[],"parameters":[],"stepsCount":0,"shouldDisplayMessage":false,"attachmentsCount":0,"hasContent":false,"attachmentStep":false},{"name":"event_loop::2","time":{"start":1725762647821,"stop":1725762647821,"duration":0},"status":"passed","steps":[],"attachments":[],"parameters":[],"stepsCount":0,"shouldDisplayMessage":false,"attachmentsCount":0,"hasContent":false,"attachmentStep":false},{"name":"event_loop::_close_event_loop","time":{"start":1725762647821,"stop":1725762647821,"duration":0},"status":"passed","steps":[],"attachments":[],"parameters":[],"stepsCount":0,"shouldDisplayMessage":false,"attachmentsCount":0,"hasContent":false,"attachmentStep":false},{"name":"event_loop::_provide_clean_event_loop","time":{"start":1725762647821,"stop":1725762647821,"duration":0},"status":"passed","steps":[],"attachments":[],"parameters":[],"stepsCount":0,"shouldDisplayMessage":false,"attachmentsCount":0,"hasContent":false,"attachmentStep":false}],"labels":[{"name":"tag","value":"abort_on_fail"},{"name":"tag","value":"group(1)"},{"name":"tag","value":"runner(['self-hosted', 'linux', 'X64', 'jammy', 'large'])"},{"name":"tag","value":"asyncio"},{"name":"parentSuite","value":"tests.integration.ha"},{"name":"suite","value":"test_network_cut"},{"name":"host","value":"github-runner"},{"name":"thread","value":"10866-MainThread"},{"name":"framework","value":"pytest"},{"name":"language","value":"cpython3"},{"name":"package","value":"tests.integration.ha.test_network_cut"},{"name":"resultFormat","value":"allure2"}],"parameters":[],"links":[],"hidden":false,"retry":false,"extra":{"severity":"normal","retries":[{"uid":"6bf0f164e326a354","status":"unknown","time":{}}],"categories":[],"history":{"statistic":{"failed":0,"broken":0,"skipped":27,"passed":5,"unknown":1,"total":33},"items":[{"uid":"73abdab9ffd9447a","reportUrl":"../1087//#testresult/73abdab9ffd9447a","status":"skipped","statusDetails":"XFAIL reason: aborted\n\n_pytest.outcomes.XFailed: aborted","time":{"start":1725674841473,"stop":1725674841473,"duration":0}},{"uid":"1d72d318e88aeae5","reportUrl":"../1082//#testresult/1d72d318e88aeae5","status":"passed","time":{"start":1725591417690,"stop":1725591865444,"duration":447754}},{"uid":"3968f6966c175c26","reportUrl":"../1080//#testresult/3968f6966c175c26","status":"passed","time":{"start":1725505644392,"stop":1725506092822,"duration":448430}},{"uid":"e2c6f6bd2589438a","reportUrl":"../1079//#testresult/e2c6f6bd2589438a","status":"unknown","time":{}},{"uid":"ded0b0899b38d02d","reportUrl":"../1072//#testresult/ded0b0899b38d02d","status":"passed","time":{"start":1725332106374,"stop":1725332583171,"duration":476797}},{"uid":"bb7b04abdf99bdd7","reportUrl":"../1071//#testresult/bb7b04abdf99bdd7","status":"passed","time":{"start":1725246561433,"stop":1725247008186,"duration":446753}},{"uid":"97cc7e2f70bea63a","reportUrl":"../1070//#testresult/97cc7e2f70bea63a","status":"skipped","statusDetails":"XFAIL reason: aborted\n\n_pytest.outcomes.XFailed: aborted","time":{"start":1725161525278,"stop":1725161525278,"duration":0}},{"uid":"3b1c8d74d3c1ae60","reportUrl":"../1069//#testresult/3b1c8d74d3c1ae60","status":"skipped","statusDetails":"XFAIL reason: aborted\n\n_pytest.outcomes.XFailed: aborted","time":{"start":1725072011352,"stop":1725072011352,"duration":0}},{"uid":"dadf3210a984223e","reportUrl":"../1068//#testresult/dadf3210a984223e","status":"passed","time":{"start":1724987943920,"stop":1724988360617,"duration":416697}},{"uid":"10f0cf9e2ca31dcb","reportUrl":"../1065//#testresult/10f0cf9e2ca31dcb","status":"skipped","statusDetails":"Skipped: https://warthogs.atlassian.net/browse/DPE-4903","time":{"start":1724897295974,"stop":1724897295974,"duration":0}},{"uid":"ed8e2cf9fb88d4a0","reportUrl":"../1064//#testresult/ed8e2cf9fb88d4a0","status":"skipped","statusDetails":"Skipped: https://warthogs.atlassian.net/browse/DPE-4903","time":{"start":1724809936830,"stop":1724809936830,"duration":0}},{"uid":"5e13dd69e5a77d61","reportUrl":"../1061//#testresult/5e13dd69e5a77d61","status":"skipped","statusDetails":"Skipped: https://warthogs.atlassian.net/browse/DPE-4903","time":{"start":1724724948224,"stop":1724724948224,"duration":0}},{"uid":"dedf34b81db37a73","reportUrl":"../1060//#testresult/dedf34b81db37a73","status":"skipped","statusDetails":"Skipped: https://warthogs.atlassian.net/browse/DPE-4903","time":{"start":1724637871405,"stop":1724637871405,"duration":0}},{"uid":"4ecafb419b9ead8f","reportUrl":"../1059//#testresult/4ecafb419b9ead8f","status":"skipped","statusDetails":"Skipped: https://warthogs.atlassian.net/browse/DPE-4903","time":{"start":1724550971697,"stop":1724550971697,"duration":0}},{"uid":"278c0f39cf9cdd09","reportUrl":"../1057//#testresult/278c0f39cf9cdd09","status":"skipped","statusDetails":"Skipped: https://warthogs.atlassian.net/browse/DPE-4903","time":{"start":1724464937012,"stop":1724464937012,"duration":0}},{"uid":"cf25bac64012c786","reportUrl":"../1051//#testresult/cf25bac64012c786","status":"skipped","statusDetails":"Skipped: https://warthogs.atlassian.net/browse/DPE-4903","time":{"start":1724378548023,"stop":1724378548023,"duration":0}},{"uid":"789c6b7541205ce7","reportUrl":"../1049//#testresult/789c6b7541205ce7","status":"skipped","statusDetails":"Skipped: https://warthogs.atlassian.net/browse/DPE-4903","time":{"start":1724291640636,"stop":1724291640636,"duration":0}},{"uid":"36bae55751c88f5b","reportUrl":"../1047//#testresult/36bae55751c88f5b","status":"skipped","statusDetails":"Skipped: https://warthogs.atlassian.net/browse/DPE-4903","time":{"start":1724206665289,"stop":1724206665289,"duration":0}},{"uid":"1890402d7c5876cc","reportUrl":"../1040//#testresult/1890402d7c5876cc","status":"skipped","statusDetails":"Skipped: https://warthogs.atlassian.net/browse/DPE-4903","time":{"start":1724119342287,"stop":1724119342287,"duration":0}},{"uid":"a7a97a525ed94f1b","reportUrl":"../1039//#testresult/a7a97a525ed94f1b","status":"skipped","statusDetails":"Skipped: https://warthogs.atlassian.net/browse/DPE-4903","time":{"start":1724038687776,"stop":1724038687776,"duration":0}}]},"tags":["runner(['self-hosted', 'linux', 'X64', 'jammy', 'large'])","asyncio","abort_on_fail","group(1)"]},"source":"60b0e235bdd69251.json","parameterValues":[]}