{"uid":"8cc0f407847cea6a","name":"test_build_and_deploy","fullName":"tests.integration.test_upgrade#test_build_and_deploy","historyId":"c08dad60bab15268dbde914f10134310","time":{"start":1724295140719,"stop":1724296156664,"duration":1015945},"description":"Deploying all charms required for the tests, and wait for their complete setup to be done.","descriptionHtml":"<p>Deploying all charms required for the tests, and wait for their complete setup to be done.</p>\n","status":"broken","statusMessage":"asyncio.exceptions.TimeoutError: Timed out waiting for model:\nself-signed-certificates/0 [allocating] waiting: waiting for machine","statusTrace":"Traceback (most recent call last):\n  File \"/home/ubuntu/actions-runner/_work/opensearch-dashboards-operator/opensearch-dashboards-operator/.tox/integration/lib/python3.10/site-packages/_pytest/runner.py\", line 341, in from_call\n    result: TResult | None = func()\n  File \"/home/ubuntu/actions-runner/_work/opensearch-dashboards-operator/opensearch-dashboards-operator/.tox/integration/lib/python3.10/site-packages/_pytest/runner.py\", line 242, in <lambda>\n    lambda: runtest_hook(item=item, **kwds), when=when, reraise=reraise\n  File \"/home/ubuntu/actions-runner/_work/opensearch-dashboards-operator/opensearch-dashboards-operator/.tox/integration/lib/python3.10/site-packages/pluggy/_hooks.py\", line 513, in __call__\n    return self._hookexec(self.name, self._hookimpls.copy(), kwargs, firstresult)\n  File \"/home/ubuntu/actions-runner/_work/opensearch-dashboards-operator/opensearch-dashboards-operator/.tox/integration/lib/python3.10/site-packages/pluggy/_manager.py\", line 120, in _hookexec\n    return self._inner_hookexec(hook_name, methods, kwargs, firstresult)\n  File \"/home/ubuntu/actions-runner/_work/opensearch-dashboards-operator/opensearch-dashboards-operator/.tox/integration/lib/python3.10/site-packages/pluggy/_callers.py\", line 182, in _multicall\n    return outcome.get_result()\n  File \"/home/ubuntu/actions-runner/_work/opensearch-dashboards-operator/opensearch-dashboards-operator/.tox/integration/lib/python3.10/site-packages/pluggy/_result.py\", line 100, in get_result\n    raise exc.with_traceback(exc.__traceback__)\n  File \"/home/ubuntu/actions-runner/_work/opensearch-dashboards-operator/opensearch-dashboards-operator/.tox/integration/lib/python3.10/site-packages/pluggy/_callers.py\", line 167, in _multicall\n    teardown.throw(outcome._exception)\n  File \"/home/ubuntu/actions-runner/_work/opensearch-dashboards-operator/opensearch-dashboards-operator/.tox/integration/lib/python3.10/site-packages/_pytest/threadexception.py\", line 92, in pytest_runtest_call\n    yield from thread_exception_runtest_hook()\n  File \"/home/ubuntu/actions-runner/_work/opensearch-dashboards-operator/opensearch-dashboards-operator/.tox/integration/lib/python3.10/site-packages/_pytest/threadexception.py\", line 68, in thread_exception_runtest_hook\n    yield\n  File \"/home/ubuntu/actions-runner/_work/opensearch-dashboards-operator/opensearch-dashboards-operator/.tox/integration/lib/python3.10/site-packages/pluggy/_callers.py\", line 167, in _multicall\n    teardown.throw(outcome._exception)\n  File \"/home/ubuntu/actions-runner/_work/opensearch-dashboards-operator/opensearch-dashboards-operator/.tox/integration/lib/python3.10/site-packages/_pytest/unraisableexception.py\", line 95, in pytest_runtest_call\n    yield from unraisable_exception_runtest_hook()\n  File \"/home/ubuntu/actions-runner/_work/opensearch-dashboards-operator/opensearch-dashboards-operator/.tox/integration/lib/python3.10/site-packages/_pytest/unraisableexception.py\", line 70, in unraisable_exception_runtest_hook\n    yield\n  File \"/home/ubuntu/actions-runner/_work/opensearch-dashboards-operator/opensearch-dashboards-operator/.tox/integration/lib/python3.10/site-packages/pluggy/_callers.py\", line 167, in _multicall\n    teardown.throw(outcome._exception)\n  File \"/home/ubuntu/actions-runner/_work/opensearch-dashboards-operator/opensearch-dashboards-operator/.tox/integration/lib/python3.10/site-packages/_pytest/logging.py\", line 848, in pytest_runtest_call\n    yield from self._runtest_for(item, \"call\")\n  File \"/home/ubuntu/actions-runner/_work/opensearch-dashboards-operator/opensearch-dashboards-operator/.tox/integration/lib/python3.10/site-packages/_pytest/logging.py\", line 831, in _runtest_for\n    yield\n  File \"/home/ubuntu/actions-runner/_work/opensearch-dashboards-operator/opensearch-dashboards-operator/.tox/integration/lib/python3.10/site-packages/pluggy/_callers.py\", line 167, in _multicall\n    teardown.throw(outcome._exception)\n  File \"/home/ubuntu/actions-runner/_work/opensearch-dashboards-operator/opensearch-dashboards-operator/.tox/integration/lib/python3.10/site-packages/_pytest/capture.py\", line 879, in pytest_runtest_call\n    return (yield)\n  File \"/home/ubuntu/actions-runner/_work/opensearch-dashboards-operator/opensearch-dashboards-operator/.tox/integration/lib/python3.10/site-packages/pluggy/_callers.py\", line 167, in _multicall\n    teardown.throw(outcome._exception)\n  File \"/home/ubuntu/actions-runner/_work/opensearch-dashboards-operator/opensearch-dashboards-operator/.tox/integration/lib/python3.10/site-packages/_pytest/skipping.py\", line 257, in pytest_runtest_call\n    return (yield)\n  File \"/home/ubuntu/actions-runner/_work/opensearch-dashboards-operator/opensearch-dashboards-operator/.tox/integration/lib/python3.10/site-packages/pluggy/_callers.py\", line 103, in _multicall\n    res = hook_impl.function(*args)\n  File \"/home/ubuntu/actions-runner/_work/opensearch-dashboards-operator/opensearch-dashboards-operator/.tox/integration/lib/python3.10/site-packages/_pytest/runner.py\", line 174, in pytest_runtest_call\n    item.runtest()\n  File \"/home/ubuntu/actions-runner/_work/opensearch-dashboards-operator/opensearch-dashboards-operator/.tox/integration/lib/python3.10/site-packages/_pytest/python.py\", line 1627, in runtest\n    self.ihook.pytest_pyfunc_call(pyfuncitem=self)\n  File \"/home/ubuntu/actions-runner/_work/opensearch-dashboards-operator/opensearch-dashboards-operator/.tox/integration/lib/python3.10/site-packages/pluggy/_hooks.py\", line 513, in __call__\n    return self._hookexec(self.name, self._hookimpls.copy(), kwargs, firstresult)\n  File \"/home/ubuntu/actions-runner/_work/opensearch-dashboards-operator/opensearch-dashboards-operator/.tox/integration/lib/python3.10/site-packages/pluggy/_manager.py\", line 120, in _hookexec\n    return self._inner_hookexec(hook_name, methods, kwargs, firstresult)\n  File \"/home/ubuntu/actions-runner/_work/opensearch-dashboards-operator/opensearch-dashboards-operator/.tox/integration/lib/python3.10/site-packages/pluggy/_callers.py\", line 182, in _multicall\n    return outcome.get_result()\n  File \"/home/ubuntu/actions-runner/_work/opensearch-dashboards-operator/opensearch-dashboards-operator/.tox/integration/lib/python3.10/site-packages/pluggy/_result.py\", line 100, in get_result\n    raise exc.with_traceback(exc.__traceback__)\n  File \"/home/ubuntu/actions-runner/_work/opensearch-dashboards-operator/opensearch-dashboards-operator/.tox/integration/lib/python3.10/site-packages/pluggy/_callers.py\", line 103, in _multicall\n    res = hook_impl.function(*args)\n  File \"/home/ubuntu/actions-runner/_work/opensearch-dashboards-operator/opensearch-dashboards-operator/.tox/integration/lib/python3.10/site-packages/_pytest/python.py\", line 159, in pytest_pyfunc_call\n    result = testfunction(**testargs)\n  File \"/home/ubuntu/actions-runner/_work/opensearch-dashboards-operator/opensearch-dashboards-operator/.tox/integration/lib/python3.10/site-packages/pytest_asyncio/plugin.py\", line 529, in inner\n    _loop.run_until_complete(task)\n  File \"/usr/lib/python3.10/asyncio/base_events.py\", line 649, in run_until_complete\n    return future.result()\n  File \"/home/ubuntu/actions-runner/_work/opensearch-dashboards-operator/opensearch-dashboards-operator/tests/integration/test_upgrade.py\", line 55, in test_build_and_deploy\n    await ops_test.model.wait_for_idle(\n  File \"/home/ubuntu/actions-runner/_work/opensearch-dashboards-operator/opensearch-dashboards-operator/.tox/integration/lib/python3.10/site-packages/juju/model.py\", line 2970, in wait_for_idle\n    raise jasyncio.TimeoutError(\"Timed out waiting for model:\\n\" + busy)\nasyncio.exceptions.TimeoutError: Timed out waiting for model:\nself-signed-certificates/0 [allocating] waiting: waiting for machine","flaky":false,"newFailed":false,"newBroken":true,"newPassed":false,"retriesCount":1,"retriesStatusChange":true,"beforeStages":[{"name":"event_loop","time":{"start":1724295140496,"stop":1724295140497,"duration":1},"status":"passed","steps":[],"attachments":[],"parameters":[],"stepsCount":0,"shouldDisplayMessage":false,"attachmentsCount":0,"hasContent":false,"attachmentStep":false},{"name":"tmp_path_factory","time":{"start":1724295140497,"stop":1724295140497,"duration":0},"status":"passed","steps":[],"attachments":[],"parameters":[],"stepsCount":0,"shouldDisplayMessage":false,"attachmentsCount":0,"hasContent":false,"attachmentStep":false},{"name":"opensearch_sysctl_settings","time":{"start":1724295140497,"stop":1724295140530,"duration":33},"status":"passed","steps":[],"attachments":[],"parameters":[],"stepsCount":0,"shouldDisplayMessage":false,"attachmentsCount":0,"hasContent":false,"attachmentStep":false},{"name":"ops_test","time":{"start":1724295140530,"stop":1724295140718,"duration":188},"status":"passed","steps":[],"attachments":[],"parameters":[],"stepsCount":0,"shouldDisplayMessage":false,"attachmentsCount":0,"hasContent":false,"attachmentStep":false},{"name":"abort_on_fail","time":{"start":1724295140719,"stop":1724295140719,"duration":0},"status":"passed","steps":[],"attachments":[],"parameters":[],"stepsCount":0,"shouldDisplayMessage":false,"attachmentsCount":0,"hasContent":false,"attachmentStep":false}],"testStage":{"description":"Deploying all charms required for the tests, and wait for their complete setup to be done.","status":"broken","statusMessage":"asyncio.exceptions.TimeoutError: Timed out waiting for model:\nself-signed-certificates/0 [allocating] waiting: waiting for machine","statusTrace":"Traceback (most recent call last):\n  File \"/home/ubuntu/actions-runner/_work/opensearch-dashboards-operator/opensearch-dashboards-operator/.tox/integration/lib/python3.10/site-packages/_pytest/runner.py\", line 341, in from_call\n    result: TResult | None = func()\n  File \"/home/ubuntu/actions-runner/_work/opensearch-dashboards-operator/opensearch-dashboards-operator/.tox/integration/lib/python3.10/site-packages/_pytest/runner.py\", line 242, in <lambda>\n    lambda: runtest_hook(item=item, **kwds), when=when, reraise=reraise\n  File \"/home/ubuntu/actions-runner/_work/opensearch-dashboards-operator/opensearch-dashboards-operator/.tox/integration/lib/python3.10/site-packages/pluggy/_hooks.py\", line 513, in __call__\n    return self._hookexec(self.name, self._hookimpls.copy(), kwargs, firstresult)\n  File \"/home/ubuntu/actions-runner/_work/opensearch-dashboards-operator/opensearch-dashboards-operator/.tox/integration/lib/python3.10/site-packages/pluggy/_manager.py\", line 120, in _hookexec\n    return self._inner_hookexec(hook_name, methods, kwargs, firstresult)\n  File \"/home/ubuntu/actions-runner/_work/opensearch-dashboards-operator/opensearch-dashboards-operator/.tox/integration/lib/python3.10/site-packages/pluggy/_callers.py\", line 182, in _multicall\n    return outcome.get_result()\n  File \"/home/ubuntu/actions-runner/_work/opensearch-dashboards-operator/opensearch-dashboards-operator/.tox/integration/lib/python3.10/site-packages/pluggy/_result.py\", line 100, in get_result\n    raise exc.with_traceback(exc.__traceback__)\n  File \"/home/ubuntu/actions-runner/_work/opensearch-dashboards-operator/opensearch-dashboards-operator/.tox/integration/lib/python3.10/site-packages/pluggy/_callers.py\", line 167, in _multicall\n    teardown.throw(outcome._exception)\n  File \"/home/ubuntu/actions-runner/_work/opensearch-dashboards-operator/opensearch-dashboards-operator/.tox/integration/lib/python3.10/site-packages/_pytest/threadexception.py\", line 92, in pytest_runtest_call\n    yield from thread_exception_runtest_hook()\n  File \"/home/ubuntu/actions-runner/_work/opensearch-dashboards-operator/opensearch-dashboards-operator/.tox/integration/lib/python3.10/site-packages/_pytest/threadexception.py\", line 68, in thread_exception_runtest_hook\n    yield\n  File \"/home/ubuntu/actions-runner/_work/opensearch-dashboards-operator/opensearch-dashboards-operator/.tox/integration/lib/python3.10/site-packages/pluggy/_callers.py\", line 167, in _multicall\n    teardown.throw(outcome._exception)\n  File \"/home/ubuntu/actions-runner/_work/opensearch-dashboards-operator/opensearch-dashboards-operator/.tox/integration/lib/python3.10/site-packages/_pytest/unraisableexception.py\", line 95, in pytest_runtest_call\n    yield from unraisable_exception_runtest_hook()\n  File \"/home/ubuntu/actions-runner/_work/opensearch-dashboards-operator/opensearch-dashboards-operator/.tox/integration/lib/python3.10/site-packages/_pytest/unraisableexception.py\", line 70, in unraisable_exception_runtest_hook\n    yield\n  File \"/home/ubuntu/actions-runner/_work/opensearch-dashboards-operator/opensearch-dashboards-operator/.tox/integration/lib/python3.10/site-packages/pluggy/_callers.py\", line 167, in _multicall\n    teardown.throw(outcome._exception)\n  File \"/home/ubuntu/actions-runner/_work/opensearch-dashboards-operator/opensearch-dashboards-operator/.tox/integration/lib/python3.10/site-packages/_pytest/logging.py\", line 848, in pytest_runtest_call\n    yield from self._runtest_for(item, \"call\")\n  File \"/home/ubuntu/actions-runner/_work/opensearch-dashboards-operator/opensearch-dashboards-operator/.tox/integration/lib/python3.10/site-packages/_pytest/logging.py\", line 831, in _runtest_for\n    yield\n  File \"/home/ubuntu/actions-runner/_work/opensearch-dashboards-operator/opensearch-dashboards-operator/.tox/integration/lib/python3.10/site-packages/pluggy/_callers.py\", line 167, in _multicall\n    teardown.throw(outcome._exception)\n  File \"/home/ubuntu/actions-runner/_work/opensearch-dashboards-operator/opensearch-dashboards-operator/.tox/integration/lib/python3.10/site-packages/_pytest/capture.py\", line 879, in pytest_runtest_call\n    return (yield)\n  File \"/home/ubuntu/actions-runner/_work/opensearch-dashboards-operator/opensearch-dashboards-operator/.tox/integration/lib/python3.10/site-packages/pluggy/_callers.py\", line 167, in _multicall\n    teardown.throw(outcome._exception)\n  File \"/home/ubuntu/actions-runner/_work/opensearch-dashboards-operator/opensearch-dashboards-operator/.tox/integration/lib/python3.10/site-packages/_pytest/skipping.py\", line 257, in pytest_runtest_call\n    return (yield)\n  File \"/home/ubuntu/actions-runner/_work/opensearch-dashboards-operator/opensearch-dashboards-operator/.tox/integration/lib/python3.10/site-packages/pluggy/_callers.py\", line 103, in _multicall\n    res = hook_impl.function(*args)\n  File \"/home/ubuntu/actions-runner/_work/opensearch-dashboards-operator/opensearch-dashboards-operator/.tox/integration/lib/python3.10/site-packages/_pytest/runner.py\", line 174, in pytest_runtest_call\n    item.runtest()\n  File \"/home/ubuntu/actions-runner/_work/opensearch-dashboards-operator/opensearch-dashboards-operator/.tox/integration/lib/python3.10/site-packages/_pytest/python.py\", line 1627, in runtest\n    self.ihook.pytest_pyfunc_call(pyfuncitem=self)\n  File \"/home/ubuntu/actions-runner/_work/opensearch-dashboards-operator/opensearch-dashboards-operator/.tox/integration/lib/python3.10/site-packages/pluggy/_hooks.py\", line 513, in __call__\n    return self._hookexec(self.name, self._hookimpls.copy(), kwargs, firstresult)\n  File \"/home/ubuntu/actions-runner/_work/opensearch-dashboards-operator/opensearch-dashboards-operator/.tox/integration/lib/python3.10/site-packages/pluggy/_manager.py\", line 120, in _hookexec\n    return self._inner_hookexec(hook_name, methods, kwargs, firstresult)\n  File \"/home/ubuntu/actions-runner/_work/opensearch-dashboards-operator/opensearch-dashboards-operator/.tox/integration/lib/python3.10/site-packages/pluggy/_callers.py\", line 182, in _multicall\n    return outcome.get_result()\n  File \"/home/ubuntu/actions-runner/_work/opensearch-dashboards-operator/opensearch-dashboards-operator/.tox/integration/lib/python3.10/site-packages/pluggy/_result.py\", line 100, in get_result\n    raise exc.with_traceback(exc.__traceback__)\n  File \"/home/ubuntu/actions-runner/_work/opensearch-dashboards-operator/opensearch-dashboards-operator/.tox/integration/lib/python3.10/site-packages/pluggy/_callers.py\", line 103, in _multicall\n    res = hook_impl.function(*args)\n  File \"/home/ubuntu/actions-runner/_work/opensearch-dashboards-operator/opensearch-dashboards-operator/.tox/integration/lib/python3.10/site-packages/_pytest/python.py\", line 159, in pytest_pyfunc_call\n    result = testfunction(**testargs)\n  File \"/home/ubuntu/actions-runner/_work/opensearch-dashboards-operator/opensearch-dashboards-operator/.tox/integration/lib/python3.10/site-packages/pytest_asyncio/plugin.py\", line 529, in inner\n    _loop.run_until_complete(task)\n  File \"/usr/lib/python3.10/asyncio/base_events.py\", line 649, in run_until_complete\n    return future.result()\n  File \"/home/ubuntu/actions-runner/_work/opensearch-dashboards-operator/opensearch-dashboards-operator/tests/integration/test_upgrade.py\", line 55, in test_build_and_deploy\n    await ops_test.model.wait_for_idle(\n  File \"/home/ubuntu/actions-runner/_work/opensearch-dashboards-operator/opensearch-dashboards-operator/.tox/integration/lib/python3.10/site-packages/juju/model.py\", line 2970, in wait_for_idle\n    raise jasyncio.TimeoutError(\"Timed out waiting for model:\\n\" + busy)\nasyncio.exceptions.TimeoutError: Timed out waiting for model:\nself-signed-certificates/0 [allocating] waiting: waiting for machine","steps":[],"attachments":[{"uid":"a1138995228367c0","name":"log","source":"a1138995228367c0.txt","type":"text/plain","size":4787},{"uid":"ef75082ccc95289d","name":"stdout","source":"ef75082ccc95289d.txt","type":"text/plain","size":70}],"parameters":[],"stepsCount":0,"shouldDisplayMessage":true,"attachmentsCount":2,"hasContent":true,"attachmentStep":false},"afterStages":[{"name":"abort_on_fail::0","time":{"start":1724296156669,"stop":1724296156669,"duration":0},"status":"passed","steps":[],"attachments":[],"parameters":[],"stepsCount":0,"shouldDisplayMessage":false,"attachmentsCount":0,"hasContent":false,"attachmentStep":false},{"name":"ops_test::finalizer","time":{"start":1724296156683,"stop":1724296157063,"duration":380},"status":"passed","steps":[],"attachments":[],"parameters":[],"stepsCount":0,"shouldDisplayMessage":false,"attachmentsCount":0,"hasContent":false,"attachmentStep":false},{"name":"event_loop::2","time":{"start":1724296157064,"stop":1724296157064,"duration":0},"status":"passed","steps":[],"attachments":[],"parameters":[],"stepsCount":0,"shouldDisplayMessage":false,"attachmentsCount":0,"hasContent":false,"attachmentStep":false},{"name":"event_loop::_close_event_loop","time":{"start":1724296157064,"stop":1724296157064,"duration":0},"status":"passed","steps":[],"attachments":[],"parameters":[],"stepsCount":0,"shouldDisplayMessage":false,"attachmentsCount":0,"hasContent":false,"attachmentStep":false},{"name":"event_loop::_provide_clean_event_loop","time":{"start":1724296157064,"stop":1724296157064,"duration":0},"status":"passed","steps":[],"attachments":[],"parameters":[],"stepsCount":0,"shouldDisplayMessage":false,"attachmentsCount":0,"hasContent":false,"attachmentStep":false}],"labels":[{"name":"tag","value":"skip_if_deployed"},{"name":"tag","value":"charm"},{"name":"tag","value":"abort_on_fail"},{"name":"tag","value":"group(1)"},{"name":"tag","value":"runner(['self-hosted', 'linux', 'X64', 'jammy', 'large'])"},{"name":"tag","value":"asyncio"},{"name":"parentSuite","value":"tests.integration"},{"name":"suite","value":"test_upgrade"},{"name":"host","value":"openstack-amd64-large-ps5-2-0eafdd011fed6bb8dc4f5a80"},{"name":"thread","value":"10069-MainThread"},{"name":"framework","value":"pytest"},{"name":"language","value":"cpython3"},{"name":"package","value":"tests.integration.test_upgrade"},{"name":"resultFormat","value":"allure2"}],"parameters":[],"links":[],"hidden":false,"retry":false,"extra":{"severity":"normal","retries":[{"uid":"72a6cecd9de37305","status":"unknown","time":{}}],"categories":[{"name":"Test defects","matchedStatuses":[],"flaky":false}],"history":{"statistic":{"failed":0,"broken":4,"skipped":0,"passed":12,"unknown":0,"total":16},"items":[{"uid":"ec4a98cb63808d6b","reportUrl":"../1047//#testresult/ec4a98cb63808d6b","status":"passed","time":{"start":1724206665796,"stop":1724207247784,"duration":581988}},{"uid":"a684fee68659e788","reportUrl":"../1040//#testresult/a684fee68659e788","status":"broken","statusDetails":"asyncio.exceptions.TimeoutError: Timed out waiting for model:\nopensearch/0 [executing] maintenance: Installing OpenSearch...\n  opensearch/1 [idle] active: \n  opensearch/2 [idle] active:","time":{"start":1724119510380,"stop":1724120735047,"duration":1224667}},{"uid":"5f0a5b9ee8c5a41e","reportUrl":"../1039//#testresult/5f0a5b9ee8c5a41e","status":"passed","time":{"start":1724038512623,"stop":1724039044423,"duration":531800}},{"uid":"71cbdaaf457b0b6b","reportUrl":"../1038//#testresult/71cbdaaf457b0b6b","status":"broken","statusDetails":"asyncio.exceptions.TimeoutError: Timed out waiting for model:\nopensearch/2 [executing] maintenance: Installing OpenSearch...","time":{"start":1723948766832,"stop":1723950039493,"duration":1272661}},{"uid":"fee6bcf7d49b6955","reportUrl":"../1037//#testresult/fee6bcf7d49b6955","status":"passed","time":{"start":1723860865557,"stop":1723861565701,"duration":700144}},{"uid":"396f81145f13c2da","reportUrl":"../1034//#testresult/396f81145f13c2da","status":"passed","time":{"start":1723774560597,"stop":1723775584068,"duration":1023471}},{"uid":"c4bbb8b80a8a4d25","reportUrl":"../1029//#testresult/c4bbb8b80a8a4d25","status":"passed","time":{"start":1723688353571,"stop":1723689321737,"duration":968166}},{"uid":"23e0bec50ed0719","reportUrl":"../1028//#testresult/23e0bec50ed0719","status":"broken","statusDetails":"asyncio.exceptions.TimeoutError: Timed out waiting for model:\nself-signed-certificates/0 [allocating] waiting: waiting for machine","time":{"start":1723604159633,"stop":1723605187176,"duration":1027543}},{"uid":"24f2b4c2d21d261f","reportUrl":"../1018//#testresult/24f2b4c2d21d261f","status":"passed","time":{"start":1723517682691,"stop":1723518663282,"duration":980591}},{"uid":"21c3c679f9ed6440","reportUrl":"../1013//#testresult/21c3c679f9ed6440","status":"passed","time":{"start":1723429772224,"stop":1723431082886,"duration":1310662}},{"uid":"d116f9ec2bebf92e","reportUrl":"../1010//#testresult/d116f9ec2bebf92e","status":"passed","time":{"start":1723343342780,"stop":1723344471327,"duration":1128547}},{"uid":"26ad4535b9335a9e","reportUrl":"../1009//#testresult/26ad4535b9335a9e","status":"passed","time":{"start":1723259853851,"stop":1723260896562,"duration":1042711}},{"uid":"2034e2d9b4940df7","reportUrl":"../995//#testresult/2034e2d9b4940df7","status":"passed","time":{"start":1723171379701,"stop":1723172215972,"duration":836271}},{"uid":"8036a63f0bfea12","reportUrl":"../987//#testresult/8036a63f0bfea12","status":"passed","time":{"start":1723081305389,"stop":1723082266867,"duration":961478}},{"uid":"feabfc13c167be95","reportUrl":"../969//#testresult/feabfc13c167be95","status":"passed","time":{"start":1722995632638,"stop":1722996653779,"duration":1021141}}]},"tags":["skip_if_deployed","runner(['self-hosted', 'linux', 'X64', 'jammy', 'large'])","charm","asyncio","abort_on_fail","group(1)"]},"source":"8cc0f407847cea6a.json","parameterValues":[]}