{"uid":"bb8ff15ed240aa07","name":"test_build_and_deploy","fullName":"tests.integration.test_upgrade#test_build_and_deploy","historyId":"c08dad60bab15268dbde914f10134310","time":{"start":1729565503649,"stop":1729565856769,"duration":353120},"description":"Deploying all charms required for the tests, and wait for their complete setup to be done.","descriptionHtml":"<p>Deploying all charms required for the tests, and wait for their complete setup to be done.</p>\n","status":"broken","statusMessage":"juju.errors.JujuUnitError: Unit in error: opensearch/2","statusTrace":"Traceback (most recent call last):\n  File \"/home/ubuntu/actions-runner/_work/opensearch-dashboards-operator/opensearch-dashboards-operator/.tox/integration/lib/python3.10/site-packages/_pytest/runner.py\", line 341, in from_call\n    result: TResult | None = func()\n  File \"/home/ubuntu/actions-runner/_work/opensearch-dashboards-operator/opensearch-dashboards-operator/.tox/integration/lib/python3.10/site-packages/_pytest/runner.py\", line 242, in <lambda>\n    lambda: runtest_hook(item=item, **kwds), when=when, reraise=reraise\n  File \"/home/ubuntu/actions-runner/_work/opensearch-dashboards-operator/opensearch-dashboards-operator/.tox/integration/lib/python3.10/site-packages/pluggy/_hooks.py\", line 513, in __call__\n    return self._hookexec(self.name, self._hookimpls.copy(), kwargs, firstresult)\n  File \"/home/ubuntu/actions-runner/_work/opensearch-dashboards-operator/opensearch-dashboards-operator/.tox/integration/lib/python3.10/site-packages/pluggy/_manager.py\", line 120, in _hookexec\n    return self._inner_hookexec(hook_name, methods, kwargs, firstresult)\n  File \"/home/ubuntu/actions-runner/_work/opensearch-dashboards-operator/opensearch-dashboards-operator/.tox/integration/lib/python3.10/site-packages/pluggy/_callers.py\", line 182, in _multicall\n    return outcome.get_result()\n  File \"/home/ubuntu/actions-runner/_work/opensearch-dashboards-operator/opensearch-dashboards-operator/.tox/integration/lib/python3.10/site-packages/pluggy/_result.py\", line 100, in get_result\n    raise exc.with_traceback(exc.__traceback__)\n  File \"/home/ubuntu/actions-runner/_work/opensearch-dashboards-operator/opensearch-dashboards-operator/.tox/integration/lib/python3.10/site-packages/pluggy/_callers.py\", line 167, in _multicall\n    teardown.throw(outcome._exception)\n  File \"/home/ubuntu/actions-runner/_work/opensearch-dashboards-operator/opensearch-dashboards-operator/.tox/integration/lib/python3.10/site-packages/_pytest/threadexception.py\", line 92, in pytest_runtest_call\n    yield from thread_exception_runtest_hook()\n  File \"/home/ubuntu/actions-runner/_work/opensearch-dashboards-operator/opensearch-dashboards-operator/.tox/integration/lib/python3.10/site-packages/_pytest/threadexception.py\", line 68, in thread_exception_runtest_hook\n    yield\n  File \"/home/ubuntu/actions-runner/_work/opensearch-dashboards-operator/opensearch-dashboards-operator/.tox/integration/lib/python3.10/site-packages/pluggy/_callers.py\", line 167, in _multicall\n    teardown.throw(outcome._exception)\n  File \"/home/ubuntu/actions-runner/_work/opensearch-dashboards-operator/opensearch-dashboards-operator/.tox/integration/lib/python3.10/site-packages/_pytest/unraisableexception.py\", line 95, in pytest_runtest_call\n    yield from unraisable_exception_runtest_hook()\n  File \"/home/ubuntu/actions-runner/_work/opensearch-dashboards-operator/opensearch-dashboards-operator/.tox/integration/lib/python3.10/site-packages/_pytest/unraisableexception.py\", line 70, in unraisable_exception_runtest_hook\n    yield\n  File \"/home/ubuntu/actions-runner/_work/opensearch-dashboards-operator/opensearch-dashboards-operator/.tox/integration/lib/python3.10/site-packages/pluggy/_callers.py\", line 167, in _multicall\n    teardown.throw(outcome._exception)\n  File \"/home/ubuntu/actions-runner/_work/opensearch-dashboards-operator/opensearch-dashboards-operator/.tox/integration/lib/python3.10/site-packages/_pytest/logging.py\", line 846, in pytest_runtest_call\n    yield from self._runtest_for(item, \"call\")\n  File \"/home/ubuntu/actions-runner/_work/opensearch-dashboards-operator/opensearch-dashboards-operator/.tox/integration/lib/python3.10/site-packages/_pytest/logging.py\", line 829, in _runtest_for\n    yield\n  File \"/home/ubuntu/actions-runner/_work/opensearch-dashboards-operator/opensearch-dashboards-operator/.tox/integration/lib/python3.10/site-packages/pluggy/_callers.py\", line 167, in _multicall\n    teardown.throw(outcome._exception)\n  File \"/home/ubuntu/actions-runner/_work/opensearch-dashboards-operator/opensearch-dashboards-operator/.tox/integration/lib/python3.10/site-packages/_pytest/capture.py\", line 880, in pytest_runtest_call\n    return (yield)\n  File \"/home/ubuntu/actions-runner/_work/opensearch-dashboards-operator/opensearch-dashboards-operator/.tox/integration/lib/python3.10/site-packages/pluggy/_callers.py\", line 167, in _multicall\n    teardown.throw(outcome._exception)\n  File \"/home/ubuntu/actions-runner/_work/opensearch-dashboards-operator/opensearch-dashboards-operator/.tox/integration/lib/python3.10/site-packages/_pytest/skipping.py\", line 257, in pytest_runtest_call\n    return (yield)\n  File \"/home/ubuntu/actions-runner/_work/opensearch-dashboards-operator/opensearch-dashboards-operator/.tox/integration/lib/python3.10/site-packages/pluggy/_callers.py\", line 103, in _multicall\n    res = hook_impl.function(*args)\n  File \"/home/ubuntu/actions-runner/_work/opensearch-dashboards-operator/opensearch-dashboards-operator/.tox/integration/lib/python3.10/site-packages/_pytest/runner.py\", line 174, in pytest_runtest_call\n    item.runtest()\n  File \"/home/ubuntu/actions-runner/_work/opensearch-dashboards-operator/opensearch-dashboards-operator/.tox/integration/lib/python3.10/site-packages/_pytest/python.py\", line 1627, in runtest\n    self.ihook.pytest_pyfunc_call(pyfuncitem=self)\n  File \"/home/ubuntu/actions-runner/_work/opensearch-dashboards-operator/opensearch-dashboards-operator/.tox/integration/lib/python3.10/site-packages/pluggy/_hooks.py\", line 513, in __call__\n    return self._hookexec(self.name, self._hookimpls.copy(), kwargs, firstresult)\n  File \"/home/ubuntu/actions-runner/_work/opensearch-dashboards-operator/opensearch-dashboards-operator/.tox/integration/lib/python3.10/site-packages/pluggy/_manager.py\", line 120, in _hookexec\n    return self._inner_hookexec(hook_name, methods, kwargs, firstresult)\n  File \"/home/ubuntu/actions-runner/_work/opensearch-dashboards-operator/opensearch-dashboards-operator/.tox/integration/lib/python3.10/site-packages/pluggy/_callers.py\", line 182, in _multicall\n    return outcome.get_result()\n  File \"/home/ubuntu/actions-runner/_work/opensearch-dashboards-operator/opensearch-dashboards-operator/.tox/integration/lib/python3.10/site-packages/pluggy/_result.py\", line 100, in get_result\n    raise exc.with_traceback(exc.__traceback__)\n  File \"/home/ubuntu/actions-runner/_work/opensearch-dashboards-operator/opensearch-dashboards-operator/.tox/integration/lib/python3.10/site-packages/pluggy/_callers.py\", line 103, in _multicall\n    res = hook_impl.function(*args)\n  File \"/home/ubuntu/actions-runner/_work/opensearch-dashboards-operator/opensearch-dashboards-operator/.tox/integration/lib/python3.10/site-packages/_pytest/python.py\", line 159, in pytest_pyfunc_call\n    result = testfunction(**testargs)\n  File \"/home/ubuntu/actions-runner/_work/opensearch-dashboards-operator/opensearch-dashboards-operator/.tox/integration/lib/python3.10/site-packages/pytest_asyncio/plugin.py\", line 529, in inner\n    _loop.run_until_complete(task)\n  File \"/usr/lib/python3.10/asyncio/base_events.py\", line 649, in run_until_complete\n    return future.result()\n  File \"/home/ubuntu/actions-runner/_work/opensearch-dashboards-operator/opensearch-dashboards-operator/tests/integration/test_upgrade.py\", line 61, in test_build_and_deploy\n    await ops_test.model.wait_for_idle(\n  File \"/home/ubuntu/actions-runner/_work/opensearch-dashboards-operator/opensearch-dashboards-operator/.tox/integration/lib/python3.10/site-packages/juju/model.py\", line 2964, in wait_for_idle\n    _raise_for_status(errors, \"error\")\n  File \"/home/ubuntu/actions-runner/_work/opensearch-dashboards-operator/opensearch-dashboards-operator/.tox/integration/lib/python3.10/site-packages/juju/model.py\", line 2870, in _raise_for_status\n    raise error_type(\"{}{} in {}: {}\".format(\njuju.errors.JujuUnitError: Unit in error: opensearch/2","flaky":false,"newFailed":false,"newBroken":true,"newPassed":false,"retriesCount":1,"retriesStatusChange":true,"beforeStages":[{"name":"opensearch_sysctl_settings","time":{"start":1729565503470,"stop":1729565503500,"duration":30},"status":"passed","steps":[],"attachments":[],"parameters":[],"stepsCount":0,"shouldDisplayMessage":false,"attachmentsCount":0,"hasContent":false,"attachmentStep":false},{"name":"event_loop","time":{"start":1729565503470,"stop":1729565503470,"duration":0},"status":"passed","steps":[],"attachments":[],"parameters":[],"stepsCount":0,"shouldDisplayMessage":false,"attachmentsCount":0,"hasContent":false,"attachmentStep":false},{"name":"tmp_path_factory","time":{"start":1729565503470,"stop":1729565503470,"duration":0},"status":"passed","steps":[],"attachments":[],"parameters":[],"stepsCount":0,"shouldDisplayMessage":false,"attachmentsCount":0,"hasContent":false,"attachmentStep":false},{"name":"ops_test","time":{"start":1729565503500,"stop":1729565503648,"duration":148},"status":"passed","steps":[],"attachments":[],"parameters":[],"stepsCount":0,"shouldDisplayMessage":false,"attachmentsCount":0,"hasContent":false,"attachmentStep":false},{"name":"abort_on_fail","time":{"start":1729565503648,"stop":1729565503648,"duration":0},"status":"passed","steps":[],"attachments":[],"parameters":[],"stepsCount":0,"shouldDisplayMessage":false,"attachmentsCount":0,"hasContent":false,"attachmentStep":false}],"testStage":{"description":"Deploying all charms required for the tests, and wait for their complete setup to be done.","status":"broken","statusMessage":"juju.errors.JujuUnitError: Unit in error: opensearch/2","statusTrace":"Traceback (most recent call last):\n  File \"/home/ubuntu/actions-runner/_work/opensearch-dashboards-operator/opensearch-dashboards-operator/.tox/integration/lib/python3.10/site-packages/_pytest/runner.py\", line 341, in from_call\n    result: TResult | None = func()\n  File \"/home/ubuntu/actions-runner/_work/opensearch-dashboards-operator/opensearch-dashboards-operator/.tox/integration/lib/python3.10/site-packages/_pytest/runner.py\", line 242, in <lambda>\n    lambda: runtest_hook(item=item, **kwds), when=when, reraise=reraise\n  File \"/home/ubuntu/actions-runner/_work/opensearch-dashboards-operator/opensearch-dashboards-operator/.tox/integration/lib/python3.10/site-packages/pluggy/_hooks.py\", line 513, in __call__\n    return self._hookexec(self.name, self._hookimpls.copy(), kwargs, firstresult)\n  File \"/home/ubuntu/actions-runner/_work/opensearch-dashboards-operator/opensearch-dashboards-operator/.tox/integration/lib/python3.10/site-packages/pluggy/_manager.py\", line 120, in _hookexec\n    return self._inner_hookexec(hook_name, methods, kwargs, firstresult)\n  File \"/home/ubuntu/actions-runner/_work/opensearch-dashboards-operator/opensearch-dashboards-operator/.tox/integration/lib/python3.10/site-packages/pluggy/_callers.py\", line 182, in _multicall\n    return outcome.get_result()\n  File \"/home/ubuntu/actions-runner/_work/opensearch-dashboards-operator/opensearch-dashboards-operator/.tox/integration/lib/python3.10/site-packages/pluggy/_result.py\", line 100, in get_result\n    raise exc.with_traceback(exc.__traceback__)\n  File \"/home/ubuntu/actions-runner/_work/opensearch-dashboards-operator/opensearch-dashboards-operator/.tox/integration/lib/python3.10/site-packages/pluggy/_callers.py\", line 167, in _multicall\n    teardown.throw(outcome._exception)\n  File \"/home/ubuntu/actions-runner/_work/opensearch-dashboards-operator/opensearch-dashboards-operator/.tox/integration/lib/python3.10/site-packages/_pytest/threadexception.py\", line 92, in pytest_runtest_call\n    yield from thread_exception_runtest_hook()\n  File \"/home/ubuntu/actions-runner/_work/opensearch-dashboards-operator/opensearch-dashboards-operator/.tox/integration/lib/python3.10/site-packages/_pytest/threadexception.py\", line 68, in thread_exception_runtest_hook\n    yield\n  File \"/home/ubuntu/actions-runner/_work/opensearch-dashboards-operator/opensearch-dashboards-operator/.tox/integration/lib/python3.10/site-packages/pluggy/_callers.py\", line 167, in _multicall\n    teardown.throw(outcome._exception)\n  File \"/home/ubuntu/actions-runner/_work/opensearch-dashboards-operator/opensearch-dashboards-operator/.tox/integration/lib/python3.10/site-packages/_pytest/unraisableexception.py\", line 95, in pytest_runtest_call\n    yield from unraisable_exception_runtest_hook()\n  File \"/home/ubuntu/actions-runner/_work/opensearch-dashboards-operator/opensearch-dashboards-operator/.tox/integration/lib/python3.10/site-packages/_pytest/unraisableexception.py\", line 70, in unraisable_exception_runtest_hook\n    yield\n  File \"/home/ubuntu/actions-runner/_work/opensearch-dashboards-operator/opensearch-dashboards-operator/.tox/integration/lib/python3.10/site-packages/pluggy/_callers.py\", line 167, in _multicall\n    teardown.throw(outcome._exception)\n  File \"/home/ubuntu/actions-runner/_work/opensearch-dashboards-operator/opensearch-dashboards-operator/.tox/integration/lib/python3.10/site-packages/_pytest/logging.py\", line 846, in pytest_runtest_call\n    yield from self._runtest_for(item, \"call\")\n  File \"/home/ubuntu/actions-runner/_work/opensearch-dashboards-operator/opensearch-dashboards-operator/.tox/integration/lib/python3.10/site-packages/_pytest/logging.py\", line 829, in _runtest_for\n    yield\n  File \"/home/ubuntu/actions-runner/_work/opensearch-dashboards-operator/opensearch-dashboards-operator/.tox/integration/lib/python3.10/site-packages/pluggy/_callers.py\", line 167, in _multicall\n    teardown.throw(outcome._exception)\n  File \"/home/ubuntu/actions-runner/_work/opensearch-dashboards-operator/opensearch-dashboards-operator/.tox/integration/lib/python3.10/site-packages/_pytest/capture.py\", line 880, in pytest_runtest_call\n    return (yield)\n  File \"/home/ubuntu/actions-runner/_work/opensearch-dashboards-operator/opensearch-dashboards-operator/.tox/integration/lib/python3.10/site-packages/pluggy/_callers.py\", line 167, in _multicall\n    teardown.throw(outcome._exception)\n  File \"/home/ubuntu/actions-runner/_work/opensearch-dashboards-operator/opensearch-dashboards-operator/.tox/integration/lib/python3.10/site-packages/_pytest/skipping.py\", line 257, in pytest_runtest_call\n    return (yield)\n  File \"/home/ubuntu/actions-runner/_work/opensearch-dashboards-operator/opensearch-dashboards-operator/.tox/integration/lib/python3.10/site-packages/pluggy/_callers.py\", line 103, in _multicall\n    res = hook_impl.function(*args)\n  File \"/home/ubuntu/actions-runner/_work/opensearch-dashboards-operator/opensearch-dashboards-operator/.tox/integration/lib/python3.10/site-packages/_pytest/runner.py\", line 174, in pytest_runtest_call\n    item.runtest()\n  File \"/home/ubuntu/actions-runner/_work/opensearch-dashboards-operator/opensearch-dashboards-operator/.tox/integration/lib/python3.10/site-packages/_pytest/python.py\", line 1627, in runtest\n    self.ihook.pytest_pyfunc_call(pyfuncitem=self)\n  File \"/home/ubuntu/actions-runner/_work/opensearch-dashboards-operator/opensearch-dashboards-operator/.tox/integration/lib/python3.10/site-packages/pluggy/_hooks.py\", line 513, in __call__\n    return self._hookexec(self.name, self._hookimpls.copy(), kwargs, firstresult)\n  File \"/home/ubuntu/actions-runner/_work/opensearch-dashboards-operator/opensearch-dashboards-operator/.tox/integration/lib/python3.10/site-packages/pluggy/_manager.py\", line 120, in _hookexec\n    return self._inner_hookexec(hook_name, methods, kwargs, firstresult)\n  File \"/home/ubuntu/actions-runner/_work/opensearch-dashboards-operator/opensearch-dashboards-operator/.tox/integration/lib/python3.10/site-packages/pluggy/_callers.py\", line 182, in _multicall\n    return outcome.get_result()\n  File \"/home/ubuntu/actions-runner/_work/opensearch-dashboards-operator/opensearch-dashboards-operator/.tox/integration/lib/python3.10/site-packages/pluggy/_result.py\", line 100, in get_result\n    raise exc.with_traceback(exc.__traceback__)\n  File \"/home/ubuntu/actions-runner/_work/opensearch-dashboards-operator/opensearch-dashboards-operator/.tox/integration/lib/python3.10/site-packages/pluggy/_callers.py\", line 103, in _multicall\n    res = hook_impl.function(*args)\n  File \"/home/ubuntu/actions-runner/_work/opensearch-dashboards-operator/opensearch-dashboards-operator/.tox/integration/lib/python3.10/site-packages/_pytest/python.py\", line 159, in pytest_pyfunc_call\n    result = testfunction(**testargs)\n  File \"/home/ubuntu/actions-runner/_work/opensearch-dashboards-operator/opensearch-dashboards-operator/.tox/integration/lib/python3.10/site-packages/pytest_asyncio/plugin.py\", line 529, in inner\n    _loop.run_until_complete(task)\n  File \"/usr/lib/python3.10/asyncio/base_events.py\", line 649, in run_until_complete\n    return future.result()\n  File \"/home/ubuntu/actions-runner/_work/opensearch-dashboards-operator/opensearch-dashboards-operator/tests/integration/test_upgrade.py\", line 61, in test_build_and_deploy\n    await ops_test.model.wait_for_idle(\n  File \"/home/ubuntu/actions-runner/_work/opensearch-dashboards-operator/opensearch-dashboards-operator/.tox/integration/lib/python3.10/site-packages/juju/model.py\", line 2964, in wait_for_idle\n    _raise_for_status(errors, \"error\")\n  File \"/home/ubuntu/actions-runner/_work/opensearch-dashboards-operator/opensearch-dashboards-operator/.tox/integration/lib/python3.10/site-packages/juju/model.py\", line 2870, in _raise_for_status\n    raise error_type(\"{}{} in {}: {}\".format(\njuju.errors.JujuUnitError: Unit in error: opensearch/2","steps":[],"attachments":[{"uid":"f2644cf3073bf15f","name":"log","source":"f2644cf3073bf15f.txt","type":"text/plain","size":2864},{"uid":"3bb098bb710868ec","name":"stdout","source":"3bb098bb710868ec.txt","type":"text/plain","size":70}],"parameters":[],"stepsCount":0,"shouldDisplayMessage":true,"attachmentsCount":2,"hasContent":true,"attachmentStep":false},"afterStages":[{"name":"abort_on_fail::0","time":{"start":1729565856773,"stop":1729565856773,"duration":0},"status":"passed","steps":[],"attachments":[],"parameters":[],"stepsCount":0,"shouldDisplayMessage":false,"attachmentsCount":0,"hasContent":false,"attachmentStep":false},{"name":"ops_test::finalizer","time":{"start":1729565856781,"stop":1729565857096,"duration":315},"status":"passed","steps":[],"attachments":[],"parameters":[],"stepsCount":0,"shouldDisplayMessage":false,"attachmentsCount":0,"hasContent":false,"attachmentStep":false},{"name":"event_loop::2","time":{"start":1729565857096,"stop":1729565857096,"duration":0},"status":"passed","steps":[],"attachments":[],"parameters":[],"stepsCount":0,"shouldDisplayMessage":false,"attachmentsCount":0,"hasContent":false,"attachmentStep":false},{"name":"event_loop::_close_event_loop","time":{"start":1729565857096,"stop":1729565857096,"duration":0},"status":"passed","steps":[],"attachments":[],"parameters":[],"stepsCount":0,"shouldDisplayMessage":false,"attachmentsCount":0,"hasContent":false,"attachmentStep":false},{"name":"event_loop::_provide_clean_event_loop","time":{"start":1729565857096,"stop":1729565857097,"duration":1},"status":"passed","steps":[],"attachments":[],"parameters":[],"stepsCount":0,"shouldDisplayMessage":false,"attachmentsCount":0,"hasContent":false,"attachmentStep":false}],"labels":[{"name":"tag","value":"skip_if_deployed"},{"name":"tag","value":"charm"},{"name":"tag","value":"abort_on_fail"},{"name":"tag","value":"group(1)"},{"name":"tag","value":"runner(['self-hosted', 'linux', 'X64', 'jammy', 'large'])"},{"name":"tag","value":"asyncio"},{"name":"parentSuite","value":"tests.integration"},{"name":"suite","value":"test_upgrade"},{"name":"host","value":"github-runner"},{"name":"thread","value":"17302-MainThread"},{"name":"framework","value":"pytest"},{"name":"language","value":"cpython3"},{"name":"package","value":"tests.integration.test_upgrade"},{"name":"resultFormat","value":"allure2"}],"parameters":[],"links":[],"hidden":false,"retry":false,"extra":{"severity":"normal","retries":[{"uid":"49ade6970ef696ab","status":"unknown","time":{}}],"categories":[{"name":"Test defects","matchedStatuses":[],"flaky":false}],"history":{"statistic":{"failed":0,"broken":19,"skipped":0,"passed":54,"unknown":0,"total":73},"items":[{"uid":"a88c3daaa520e76d","reportUrl":"../1248//#testresult/a88c3daaa520e76d","status":"passed","time":{"start":1729390539409,"stop":1729391582971,"duration":1043562}},{"uid":"1667fd61e8876f2d","reportUrl":"../1241//#testresult/1667fd61e8876f2d","status":"broken","statusDetails":"asyncio.exceptions.TimeoutError: Timed out waiting for model:\nopensearch/0 [idle] active: \n  opensearch/1 [idle] active: \n  opensearch/2 [executing] maintenance: Installing OpenSearch...","time":{"start":1729215525106,"stop":1729216801783,"duration":1276677}},{"uid":"699f9de949c8d946","reportUrl":"../1234//#testresult/699f9de949c8d946","status":"broken","statusDetails":"asyncio.exceptions.TimeoutError: Timed out waiting for model:\nopensearch/0 [idle] active: \n  opensearch/1 [idle] active: \n  opensearch/2 [executing] maintenance: Installing OpenSearch...","time":{"start":1728956537803,"stop":1728958007098,"duration":1469295}},{"uid":"29c602eda62f69b1","reportUrl":"../1229//#testresult/29c602eda62f69b1","status":"passed","time":{"start":1728869840017,"stop":1728870809685,"duration":969668}},{"uid":"d625df59db7cfc07","reportUrl":"../1228//#testresult/d625df59db7cfc07","status":"passed","time":{"start":1728783417873,"stop":1728784743833,"duration":1325960}},{"uid":"5f93cc97efbb992","reportUrl":"../1227//#testresult/5f93cc97efbb992","status":"broken","statusDetails":"asyncio.exceptions.TimeoutError: Timed out waiting for model:\nopensearch/0 [idle] active: \n  opensearch/1 [idle] active: \n  opensearch/2 [idle] active:","time":{"start":1728697049312,"stop":1728698311514,"duration":1262202}},{"uid":"673b66d778fb055","reportUrl":"../1226//#testresult/673b66d778fb055","status":"passed","time":{"start":1728610726589,"stop":1728611913273,"duration":1186684}},{"uid":"80081666cf1244af","reportUrl":"../1223//#testresult/80081666cf1244af","status":"broken","statusDetails":"asyncio.exceptions.TimeoutError: Timed out waiting for model:\nopensearch/0 [executing] maintenance: Installing OpenSearch...\n  opensearch/1 [executing] maintenance: Installing OpenSearch...\n  opensearch/2 [idle] active:","time":{"start":1728524435210,"stop":1728525791838,"duration":1356628}},{"uid":"5b3d03ef999324c1","reportUrl":"../1215//#testresult/5b3d03ef999324c1","status":"passed","time":{"start":1728437905105,"stop":1728439038612,"duration":1133507}},{"uid":"cd6104dd304e1780","reportUrl":"../1209//#testresult/cd6104dd304e1780","status":"passed","time":{"start":1728351458943,"stop":1728352387669,"duration":928726}},{"uid":"6a6d26ec31d6eafb","reportUrl":"../1206//#testresult/6a6d26ec31d6eafb","status":"passed","time":{"start":1728264966144,"stop":1728265553721,"duration":587577}},{"uid":"5430d8baf8e0e22","reportUrl":"../1205//#testresult/5430d8baf8e0e22","status":"passed","time":{"start":1728178572221,"stop":1728179676343,"duration":1104122}},{"uid":"600c0a9e801bd63b","reportUrl":"../1204//#testresult/600c0a9e801bd63b","status":"passed","time":{"start":1728092206732,"stop":1728093182496,"duration":975764}},{"uid":"4c1a2c1d1978f7c8","reportUrl":"../1201//#testresult/4c1a2c1d1978f7c8","status":"passed","time":{"start":1728006044872,"stop":1728006630251,"duration":585379}},{"uid":"6b33f50f09e3126e","reportUrl":"../1187//#testresult/6b33f50f09e3126e","status":"broken","statusDetails":"asyncio.exceptions.TimeoutError: Timed out waiting for model:\nself-signed-certificates/0 [allocating] waiting: waiting for machine","time":{"start":1727919456017,"stop":1727920467815,"duration":1011798}},{"uid":"ab10ea27ee562402","reportUrl":"../1182//#testresult/ab10ea27ee562402","status":"broken","statusDetails":"asyncio.exceptions.TimeoutError: Timed out waiting for model:\nopensearch/0 [idle] active: \n  opensearch/1 [executing] maintenance: Installing OpenSearch...\n  opensearch/2 [idle] active:","time":{"start":1727833227499,"stop":1727834499222,"duration":1271723}},{"uid":"a42f4190768995ec","reportUrl":"../1181//#testresult/a42f4190768995ec","status":"broken","statusDetails":"asyncio.exceptions.TimeoutError: Timed out waiting for model:\nself-signed-certificates/0 [allocating] waiting: waiting for machine","time":{"start":1727746491731,"stop":1727747504570,"duration":1012839}},{"uid":"25c9ab2b61b17f55","reportUrl":"../1174//#testresult/25c9ab2b61b17f55","status":"passed","time":{"start":1727659892062,"stop":1727660507429,"duration":615367}},{"uid":"d33566a8b3c481af","reportUrl":"../1173//#testresult/d33566a8b3c481af","status":"passed","time":{"start":1727573496119,"stop":1727573973709,"duration":477590}},{"uid":"7d07670517e27de9","reportUrl":"../1172//#testresult/7d07670517e27de9","status":"passed","time":{"start":1727487071827,"stop":1727487563015,"duration":491188}}]},"tags":["skip_if_deployed","runner(['self-hosted', 'linux', 'X64', 'jammy', 'large'])","charm","asyncio","abort_on_fail","group(1)"]},"source":"bb8ff15ed240aa07.json","parameterValues":[]}