{"uid":"359c8e3770e7e05","name":"test_build_and_deploy","fullName":"tests.integration.ha.test_network_cut#test_build_and_deploy","historyId":"6c32f618018f8d36a660761a84fd1798","time":{"start":1725849088794,"stop":1725850374207,"duration":1285413},"description":"Tests that the charm deploys safely","descriptionHtml":"<p>Tests that the charm deploys safely</p>\n","status":"broken","statusMessage":"asyncio.exceptions.TimeoutError: Timed out waiting for model:\nopensearch/0 [executing] maintenance: Installing OpenSearch...\n  opensearch/1 [idle] active: \n  opensearch/2 [idle] active:","statusTrace":"Traceback (most recent call last):\n  File \"/home/ubuntu/actions-runner/_work/opensearch-dashboards-operator/opensearch-dashboards-operator/.tox/integration/lib/python3.10/site-packages/_pytest/runner.py\", line 341, in from_call\n    result: TResult | None = func()\n  File \"/home/ubuntu/actions-runner/_work/opensearch-dashboards-operator/opensearch-dashboards-operator/.tox/integration/lib/python3.10/site-packages/_pytest/runner.py\", line 242, in <lambda>\n    lambda: runtest_hook(item=item, **kwds), when=when, reraise=reraise\n  File \"/home/ubuntu/actions-runner/_work/opensearch-dashboards-operator/opensearch-dashboards-operator/.tox/integration/lib/python3.10/site-packages/pluggy/_hooks.py\", line 513, in __call__\n    return self._hookexec(self.name, self._hookimpls.copy(), kwargs, firstresult)\n  File \"/home/ubuntu/actions-runner/_work/opensearch-dashboards-operator/opensearch-dashboards-operator/.tox/integration/lib/python3.10/site-packages/pluggy/_manager.py\", line 120, in _hookexec\n    return self._inner_hookexec(hook_name, methods, kwargs, firstresult)\n  File \"/home/ubuntu/actions-runner/_work/opensearch-dashboards-operator/opensearch-dashboards-operator/.tox/integration/lib/python3.10/site-packages/pluggy/_callers.py\", line 182, in _multicall\n    return outcome.get_result()\n  File \"/home/ubuntu/actions-runner/_work/opensearch-dashboards-operator/opensearch-dashboards-operator/.tox/integration/lib/python3.10/site-packages/pluggy/_result.py\", line 100, in get_result\n    raise exc.with_traceback(exc.__traceback__)\n  File \"/home/ubuntu/actions-runner/_work/opensearch-dashboards-operator/opensearch-dashboards-operator/.tox/integration/lib/python3.10/site-packages/pluggy/_callers.py\", line 167, in _multicall\n    teardown.throw(outcome._exception)\n  File \"/home/ubuntu/actions-runner/_work/opensearch-dashboards-operator/opensearch-dashboards-operator/.tox/integration/lib/python3.10/site-packages/_pytest/threadexception.py\", line 92, in pytest_runtest_call\n    yield from thread_exception_runtest_hook()\n  File \"/home/ubuntu/actions-runner/_work/opensearch-dashboards-operator/opensearch-dashboards-operator/.tox/integration/lib/python3.10/site-packages/_pytest/threadexception.py\", line 68, in thread_exception_runtest_hook\n    yield\n  File \"/home/ubuntu/actions-runner/_work/opensearch-dashboards-operator/opensearch-dashboards-operator/.tox/integration/lib/python3.10/site-packages/pluggy/_callers.py\", line 167, in _multicall\n    teardown.throw(outcome._exception)\n  File \"/home/ubuntu/actions-runner/_work/opensearch-dashboards-operator/opensearch-dashboards-operator/.tox/integration/lib/python3.10/site-packages/_pytest/unraisableexception.py\", line 95, in pytest_runtest_call\n    yield from unraisable_exception_runtest_hook()\n  File \"/home/ubuntu/actions-runner/_work/opensearch-dashboards-operator/opensearch-dashboards-operator/.tox/integration/lib/python3.10/site-packages/_pytest/unraisableexception.py\", line 70, in unraisable_exception_runtest_hook\n    yield\n  File \"/home/ubuntu/actions-runner/_work/opensearch-dashboards-operator/opensearch-dashboards-operator/.tox/integration/lib/python3.10/site-packages/pluggy/_callers.py\", line 167, in _multicall\n    teardown.throw(outcome._exception)\n  File \"/home/ubuntu/actions-runner/_work/opensearch-dashboards-operator/opensearch-dashboards-operator/.tox/integration/lib/python3.10/site-packages/_pytest/logging.py\", line 848, in pytest_runtest_call\n    yield from self._runtest_for(item, \"call\")\n  File \"/home/ubuntu/actions-runner/_work/opensearch-dashboards-operator/opensearch-dashboards-operator/.tox/integration/lib/python3.10/site-packages/_pytest/logging.py\", line 831, in _runtest_for\n    yield\n  File \"/home/ubuntu/actions-runner/_work/opensearch-dashboards-operator/opensearch-dashboards-operator/.tox/integration/lib/python3.10/site-packages/pluggy/_callers.py\", line 167, in _multicall\n    teardown.throw(outcome._exception)\n  File \"/home/ubuntu/actions-runner/_work/opensearch-dashboards-operator/opensearch-dashboards-operator/.tox/integration/lib/python3.10/site-packages/_pytest/capture.py\", line 879, in pytest_runtest_call\n    return (yield)\n  File \"/home/ubuntu/actions-runner/_work/opensearch-dashboards-operator/opensearch-dashboards-operator/.tox/integration/lib/python3.10/site-packages/pluggy/_callers.py\", line 167, in _multicall\n    teardown.throw(outcome._exception)\n  File \"/home/ubuntu/actions-runner/_work/opensearch-dashboards-operator/opensearch-dashboards-operator/.tox/integration/lib/python3.10/site-packages/_pytest/skipping.py\", line 257, in pytest_runtest_call\n    return (yield)\n  File \"/home/ubuntu/actions-runner/_work/opensearch-dashboards-operator/opensearch-dashboards-operator/.tox/integration/lib/python3.10/site-packages/pluggy/_callers.py\", line 103, in _multicall\n    res = hook_impl.function(*args)\n  File \"/home/ubuntu/actions-runner/_work/opensearch-dashboards-operator/opensearch-dashboards-operator/.tox/integration/lib/python3.10/site-packages/_pytest/runner.py\", line 174, in pytest_runtest_call\n    item.runtest()\n  File \"/home/ubuntu/actions-runner/_work/opensearch-dashboards-operator/opensearch-dashboards-operator/.tox/integration/lib/python3.10/site-packages/_pytest/python.py\", line 1627, in runtest\n    self.ihook.pytest_pyfunc_call(pyfuncitem=self)\n  File \"/home/ubuntu/actions-runner/_work/opensearch-dashboards-operator/opensearch-dashboards-operator/.tox/integration/lib/python3.10/site-packages/pluggy/_hooks.py\", line 513, in __call__\n    return self._hookexec(self.name, self._hookimpls.copy(), kwargs, firstresult)\n  File \"/home/ubuntu/actions-runner/_work/opensearch-dashboards-operator/opensearch-dashboards-operator/.tox/integration/lib/python3.10/site-packages/pluggy/_manager.py\", line 120, in _hookexec\n    return self._inner_hookexec(hook_name, methods, kwargs, firstresult)\n  File \"/home/ubuntu/actions-runner/_work/opensearch-dashboards-operator/opensearch-dashboards-operator/.tox/integration/lib/python3.10/site-packages/pluggy/_callers.py\", line 182, in _multicall\n    return outcome.get_result()\n  File \"/home/ubuntu/actions-runner/_work/opensearch-dashboards-operator/opensearch-dashboards-operator/.tox/integration/lib/python3.10/site-packages/pluggy/_result.py\", line 100, in get_result\n    raise exc.with_traceback(exc.__traceback__)\n  File \"/home/ubuntu/actions-runner/_work/opensearch-dashboards-operator/opensearch-dashboards-operator/.tox/integration/lib/python3.10/site-packages/pluggy/_callers.py\", line 103, in _multicall\n    res = hook_impl.function(*args)\n  File \"/home/ubuntu/actions-runner/_work/opensearch-dashboards-operator/opensearch-dashboards-operator/.tox/integration/lib/python3.10/site-packages/_pytest/python.py\", line 159, in pytest_pyfunc_call\n    result = testfunction(**testargs)\n  File \"/home/ubuntu/actions-runner/_work/opensearch-dashboards-operator/opensearch-dashboards-operator/.tox/integration/lib/python3.10/site-packages/pytest_asyncio/plugin.py\", line 529, in inner\n    _loop.run_until_complete(task)\n  File \"/usr/lib/python3.10/asyncio/base_events.py\", line 649, in run_until_complete\n    return future.result()\n  File \"/home/ubuntu/actions-runner/_work/opensearch-dashboards-operator/opensearch-dashboards-operator/tests/integration/ha/test_network_cut.py\", line 75, in test_build_and_deploy\n    await ops_test.model.wait_for_idle(\n  File \"/home/ubuntu/actions-runner/_work/opensearch-dashboards-operator/opensearch-dashboards-operator/.tox/integration/lib/python3.10/site-packages/juju/model.py\", line 2970, in wait_for_idle\n    raise jasyncio.TimeoutError(\"Timed out waiting for model:\\n\" + busy)\nasyncio.exceptions.TimeoutError: Timed out waiting for model:\nopensearch/0 [executing] maintenance: Installing OpenSearch...\n  opensearch/1 [idle] active: \n  opensearch/2 [idle] active:","flaky":false,"newFailed":false,"newBroken":false,"newPassed":false,"retriesCount":1,"retriesStatusChange":true,"beforeStages":[{"name":"event_loop","time":{"start":1725849088601,"stop":1725849088602,"duration":1},"status":"passed","steps":[],"attachments":[],"parameters":[],"stepsCount":0,"shouldDisplayMessage":false,"attachmentsCount":0,"hasContent":false,"attachmentStep":false},{"name":"opensearch_sysctl_settings","time":{"start":1725849088602,"stop":1725849088631,"duration":29},"status":"passed","steps":[],"attachments":[],"parameters":[],"stepsCount":0,"shouldDisplayMessage":false,"attachmentsCount":0,"hasContent":false,"attachmentStep":false},{"name":"tmp_path_factory","time":{"start":1725849088602,"stop":1725849088602,"duration":0},"status":"passed","steps":[],"attachments":[],"parameters":[],"stepsCount":0,"shouldDisplayMessage":false,"attachmentsCount":0,"hasContent":false,"attachmentStep":false},{"name":"ops_test","time":{"start":1725849088631,"stop":1725849088793,"duration":162},"status":"passed","steps":[],"attachments":[],"parameters":[],"stepsCount":0,"shouldDisplayMessage":false,"attachmentsCount":0,"hasContent":false,"attachmentStep":false},{"name":"abort_on_fail","time":{"start":1725849088793,"stop":1725849088793,"duration":0},"status":"passed","steps":[],"attachments":[],"parameters":[],"stepsCount":0,"shouldDisplayMessage":false,"attachmentsCount":0,"hasContent":false,"attachmentStep":false}],"testStage":{"description":"Tests that the charm deploys safely","status":"broken","statusMessage":"asyncio.exceptions.TimeoutError: Timed out waiting for model:\nopensearch/0 [executing] maintenance: Installing OpenSearch...\n  opensearch/1 [idle] active: \n  opensearch/2 [idle] active:","statusTrace":"Traceback (most recent call last):\n  File \"/home/ubuntu/actions-runner/_work/opensearch-dashboards-operator/opensearch-dashboards-operator/.tox/integration/lib/python3.10/site-packages/_pytest/runner.py\", line 341, in from_call\n    result: TResult | None = func()\n  File \"/home/ubuntu/actions-runner/_work/opensearch-dashboards-operator/opensearch-dashboards-operator/.tox/integration/lib/python3.10/site-packages/_pytest/runner.py\", line 242, in <lambda>\n    lambda: runtest_hook(item=item, **kwds), when=when, reraise=reraise\n  File \"/home/ubuntu/actions-runner/_work/opensearch-dashboards-operator/opensearch-dashboards-operator/.tox/integration/lib/python3.10/site-packages/pluggy/_hooks.py\", line 513, in __call__\n    return self._hookexec(self.name, self._hookimpls.copy(), kwargs, firstresult)\n  File \"/home/ubuntu/actions-runner/_work/opensearch-dashboards-operator/opensearch-dashboards-operator/.tox/integration/lib/python3.10/site-packages/pluggy/_manager.py\", line 120, in _hookexec\n    return self._inner_hookexec(hook_name, methods, kwargs, firstresult)\n  File \"/home/ubuntu/actions-runner/_work/opensearch-dashboards-operator/opensearch-dashboards-operator/.tox/integration/lib/python3.10/site-packages/pluggy/_callers.py\", line 182, in _multicall\n    return outcome.get_result()\n  File \"/home/ubuntu/actions-runner/_work/opensearch-dashboards-operator/opensearch-dashboards-operator/.tox/integration/lib/python3.10/site-packages/pluggy/_result.py\", line 100, in get_result\n    raise exc.with_traceback(exc.__traceback__)\n  File \"/home/ubuntu/actions-runner/_work/opensearch-dashboards-operator/opensearch-dashboards-operator/.tox/integration/lib/python3.10/site-packages/pluggy/_callers.py\", line 167, in _multicall\n    teardown.throw(outcome._exception)\n  File \"/home/ubuntu/actions-runner/_work/opensearch-dashboards-operator/opensearch-dashboards-operator/.tox/integration/lib/python3.10/site-packages/_pytest/threadexception.py\", line 92, in pytest_runtest_call\n    yield from thread_exception_runtest_hook()\n  File \"/home/ubuntu/actions-runner/_work/opensearch-dashboards-operator/opensearch-dashboards-operator/.tox/integration/lib/python3.10/site-packages/_pytest/threadexception.py\", line 68, in thread_exception_runtest_hook\n    yield\n  File \"/home/ubuntu/actions-runner/_work/opensearch-dashboards-operator/opensearch-dashboards-operator/.tox/integration/lib/python3.10/site-packages/pluggy/_callers.py\", line 167, in _multicall\n    teardown.throw(outcome._exception)\n  File \"/home/ubuntu/actions-runner/_work/opensearch-dashboards-operator/opensearch-dashboards-operator/.tox/integration/lib/python3.10/site-packages/_pytest/unraisableexception.py\", line 95, in pytest_runtest_call\n    yield from unraisable_exception_runtest_hook()\n  File \"/home/ubuntu/actions-runner/_work/opensearch-dashboards-operator/opensearch-dashboards-operator/.tox/integration/lib/python3.10/site-packages/_pytest/unraisableexception.py\", line 70, in unraisable_exception_runtest_hook\n    yield\n  File \"/home/ubuntu/actions-runner/_work/opensearch-dashboards-operator/opensearch-dashboards-operator/.tox/integration/lib/python3.10/site-packages/pluggy/_callers.py\", line 167, in _multicall\n    teardown.throw(outcome._exception)\n  File \"/home/ubuntu/actions-runner/_work/opensearch-dashboards-operator/opensearch-dashboards-operator/.tox/integration/lib/python3.10/site-packages/_pytest/logging.py\", line 848, in pytest_runtest_call\n    yield from self._runtest_for(item, \"call\")\n  File \"/home/ubuntu/actions-runner/_work/opensearch-dashboards-operator/opensearch-dashboards-operator/.tox/integration/lib/python3.10/site-packages/_pytest/logging.py\", line 831, in _runtest_for\n    yield\n  File \"/home/ubuntu/actions-runner/_work/opensearch-dashboards-operator/opensearch-dashboards-operator/.tox/integration/lib/python3.10/site-packages/pluggy/_callers.py\", line 167, in _multicall\n    teardown.throw(outcome._exception)\n  File \"/home/ubuntu/actions-runner/_work/opensearch-dashboards-operator/opensearch-dashboards-operator/.tox/integration/lib/python3.10/site-packages/_pytest/capture.py\", line 879, in pytest_runtest_call\n    return (yield)\n  File \"/home/ubuntu/actions-runner/_work/opensearch-dashboards-operator/opensearch-dashboards-operator/.tox/integration/lib/python3.10/site-packages/pluggy/_callers.py\", line 167, in _multicall\n    teardown.throw(outcome._exception)\n  File \"/home/ubuntu/actions-runner/_work/opensearch-dashboards-operator/opensearch-dashboards-operator/.tox/integration/lib/python3.10/site-packages/_pytest/skipping.py\", line 257, in pytest_runtest_call\n    return (yield)\n  File \"/home/ubuntu/actions-runner/_work/opensearch-dashboards-operator/opensearch-dashboards-operator/.tox/integration/lib/python3.10/site-packages/pluggy/_callers.py\", line 103, in _multicall\n    res = hook_impl.function(*args)\n  File \"/home/ubuntu/actions-runner/_work/opensearch-dashboards-operator/opensearch-dashboards-operator/.tox/integration/lib/python3.10/site-packages/_pytest/runner.py\", line 174, in pytest_runtest_call\n    item.runtest()\n  File \"/home/ubuntu/actions-runner/_work/opensearch-dashboards-operator/opensearch-dashboards-operator/.tox/integration/lib/python3.10/site-packages/_pytest/python.py\", line 1627, in runtest\n    self.ihook.pytest_pyfunc_call(pyfuncitem=self)\n  File \"/home/ubuntu/actions-runner/_work/opensearch-dashboards-operator/opensearch-dashboards-operator/.tox/integration/lib/python3.10/site-packages/pluggy/_hooks.py\", line 513, in __call__\n    return self._hookexec(self.name, self._hookimpls.copy(), kwargs, firstresult)\n  File \"/home/ubuntu/actions-runner/_work/opensearch-dashboards-operator/opensearch-dashboards-operator/.tox/integration/lib/python3.10/site-packages/pluggy/_manager.py\", line 120, in _hookexec\n    return self._inner_hookexec(hook_name, methods, kwargs, firstresult)\n  File \"/home/ubuntu/actions-runner/_work/opensearch-dashboards-operator/opensearch-dashboards-operator/.tox/integration/lib/python3.10/site-packages/pluggy/_callers.py\", line 182, in _multicall\n    return outcome.get_result()\n  File \"/home/ubuntu/actions-runner/_work/opensearch-dashboards-operator/opensearch-dashboards-operator/.tox/integration/lib/python3.10/site-packages/pluggy/_result.py\", line 100, in get_result\n    raise exc.with_traceback(exc.__traceback__)\n  File \"/home/ubuntu/actions-runner/_work/opensearch-dashboards-operator/opensearch-dashboards-operator/.tox/integration/lib/python3.10/site-packages/pluggy/_callers.py\", line 103, in _multicall\n    res = hook_impl.function(*args)\n  File \"/home/ubuntu/actions-runner/_work/opensearch-dashboards-operator/opensearch-dashboards-operator/.tox/integration/lib/python3.10/site-packages/_pytest/python.py\", line 159, in pytest_pyfunc_call\n    result = testfunction(**testargs)\n  File \"/home/ubuntu/actions-runner/_work/opensearch-dashboards-operator/opensearch-dashboards-operator/.tox/integration/lib/python3.10/site-packages/pytest_asyncio/plugin.py\", line 529, in inner\n    _loop.run_until_complete(task)\n  File \"/usr/lib/python3.10/asyncio/base_events.py\", line 649, in run_until_complete\n    return future.result()\n  File \"/home/ubuntu/actions-runner/_work/opensearch-dashboards-operator/opensearch-dashboards-operator/tests/integration/ha/test_network_cut.py\", line 75, in test_build_and_deploy\n    await ops_test.model.wait_for_idle(\n  File \"/home/ubuntu/actions-runner/_work/opensearch-dashboards-operator/opensearch-dashboards-operator/.tox/integration/lib/python3.10/site-packages/juju/model.py\", line 2970, in wait_for_idle\n    raise jasyncio.TimeoutError(\"Timed out waiting for model:\\n\" + busy)\nasyncio.exceptions.TimeoutError: Timed out waiting for model:\nopensearch/0 [executing] maintenance: Installing OpenSearch...\n  opensearch/1 [idle] active: \n  opensearch/2 [idle] active:","steps":[],"attachments":[{"uid":"48b1114bfebd4c66","name":"log","source":"48b1114bfebd4c66.txt","type":"text/plain","size":8479},{"uid":"1516227f432ad27d","name":"stdout","source":"1516227f432ad27d.txt","type":"text/plain","size":70}],"parameters":[],"stepsCount":0,"shouldDisplayMessage":true,"attachmentsCount":2,"hasContent":true,"attachmentStep":false},"afterStages":[{"name":"abort_on_fail::0","time":{"start":1725850374212,"stop":1725850374212,"duration":0},"status":"passed","steps":[],"attachments":[],"parameters":[],"stepsCount":0,"shouldDisplayMessage":false,"attachmentsCount":0,"hasContent":false,"attachmentStep":false},{"name":"ops_test::finalizer","time":{"start":1725850374236,"stop":1725850374653,"duration":417},"status":"passed","steps":[],"attachments":[],"parameters":[],"stepsCount":0,"shouldDisplayMessage":false,"attachmentsCount":0,"hasContent":false,"attachmentStep":false},{"name":"event_loop::2","time":{"start":1725850374654,"stop":1725850374654,"duration":0},"status":"passed","steps":[],"attachments":[],"parameters":[],"stepsCount":0,"shouldDisplayMessage":false,"attachmentsCount":0,"hasContent":false,"attachmentStep":false},{"name":"event_loop::_close_event_loop","time":{"start":1725850374654,"stop":1725850374654,"duration":0},"status":"passed","steps":[],"attachments":[],"parameters":[],"stepsCount":0,"shouldDisplayMessage":false,"attachmentsCount":0,"hasContent":false,"attachmentStep":false},{"name":"event_loop::_provide_clean_event_loop","time":{"start":1725850374654,"stop":1725850374655,"duration":1},"status":"passed","steps":[],"attachments":[],"parameters":[],"stepsCount":0,"shouldDisplayMessage":false,"attachmentsCount":0,"hasContent":false,"attachmentStep":false}],"labels":[{"name":"tag","value":"abort_on_fail"},{"name":"tag","value":"skip_if_deployed"},{"name":"tag","value":"group(1)"},{"name":"tag","value":"runner(['self-hosted', 'linux', 'X64', 'jammy', 'large'])"},{"name":"tag","value":"asyncio"},{"name":"parentSuite","value":"tests.integration.ha"},{"name":"suite","value":"test_network_cut"},{"name":"host","value":"github-runner"},{"name":"thread","value":"11073-MainThread"},{"name":"framework","value":"pytest"},{"name":"language","value":"cpython3"},{"name":"package","value":"tests.integration.ha.test_network_cut"},{"name":"resultFormat","value":"allure2"}],"parameters":[],"links":[],"hidden":false,"retry":false,"extra":{"severity":"normal","retries":[{"uid":"cb2b3cb6169abea","status":"unknown","time":{}}],"categories":[{"name":"Test defects","matchedStatuses":[],"flaky":false}],"history":{"statistic":{"failed":0,"broken":3,"skipped":23,"passed":7,"unknown":1,"total":34},"items":[{"uid":"5a33311d82344907","reportUrl":"../1088//#testresult/5a33311d82344907","status":"broken","statusDetails":"asyncio.exceptions.TimeoutError: Timed out waiting for model:\nopensearch-dashboards/0 [idle] blocked: Incompatible Opensearch and Dashboards versions\n  opensearch-dashboards/1 [idle] blocked: Incompatible Opensearch and Dashboards versions","time":{"start":1725761314043,"stop":1725762647434,"duration":1333391}},{"uid":"e7cdc1cc1cf6b34c","reportUrl":"../1087//#testresult/e7cdc1cc1cf6b34c","status":"broken","statusDetails":"asyncio.exceptions.TimeoutError: Timed out waiting for model:\nopensearch-dashboards/0 [idle] blocked: Service unavailable\n  opensearch-dashboards/1 [idle] blocked: Service unavailable","time":{"start":1725673513779,"stop":1725674841450,"duration":1327671}},{"uid":"5c5494b2172dd1fd","reportUrl":"../1082//#testresult/5c5494b2172dd1fd","status":"passed","time":{"start":1725587848391,"stop":1725588277134,"duration":428743}},{"uid":"991c0df0e1b79905","reportUrl":"../1080//#testresult/991c0df0e1b79905","status":"passed","time":{"start":1725502080523,"stop":1725502504667,"duration":424144}},{"uid":"b8b3ae15f4f17485","reportUrl":"../1079//#testresult/b8b3ae15f4f17485","status":"unknown","time":{}},{"uid":"43f472ab69de161f","reportUrl":"../1072//#testresult/43f472ab69de161f","status":"passed","time":{"start":1725328512681,"stop":1725328902159,"duration":389478}},{"uid":"d72283353d496efb","reportUrl":"../1071//#testresult/d72283353d496efb","status":"passed","time":{"start":1725242992444,"stop":1725243475104,"duration":482660}},{"uid":"11c43aa2741bfdbc","reportUrl":"../1070//#testresult/11c43aa2741bfdbc","status":"passed","time":{"start":1725156517606,"stop":1725156968941,"duration":451335}},{"uid":"7488dec66ce3f969","reportUrl":"../1069//#testresult/7488dec66ce3f969","status":"passed","time":{"start":1725069959532,"stop":1725070422538,"duration":463006}},{"uid":"f919a098160bdb30","reportUrl":"../1068//#testresult/f919a098160bdb30","status":"passed","time":{"start":1724984377347,"stop":1724984830598,"duration":453251}},{"uid":"8d4fe4db2afa12cd","reportUrl":"../1065//#testresult/8d4fe4db2afa12cd","status":"skipped","statusDetails":"Skipped: https://warthogs.atlassian.net/browse/DPE-4903","time":{"start":1724897295963,"stop":1724897295963,"duration":0}},{"uid":"f69e1afcdf399226","reportUrl":"../1064//#testresult/f69e1afcdf399226","status":"skipped","statusDetails":"Skipped: https://warthogs.atlassian.net/browse/DPE-4903","time":{"start":1724809936818,"stop":1724809936818,"duration":0}},{"uid":"ff250dbb7b50afa4","reportUrl":"../1061//#testresult/ff250dbb7b50afa4","status":"skipped","statusDetails":"Skipped: https://warthogs.atlassian.net/browse/DPE-4903","time":{"start":1724724948211,"stop":1724724948211,"duration":0}},{"uid":"474ee276b7cf9ac7","reportUrl":"../1060//#testresult/474ee276b7cf9ac7","status":"skipped","statusDetails":"Skipped: https://warthogs.atlassian.net/browse/DPE-4903","time":{"start":1724637871393,"stop":1724637871393,"duration":0}},{"uid":"9c6213e824d6d2bc","reportUrl":"../1059//#testresult/9c6213e824d6d2bc","status":"skipped","statusDetails":"Skipped: https://warthogs.atlassian.net/browse/DPE-4903","time":{"start":1724550971685,"stop":1724550971685,"duration":0}},{"uid":"2a61e04def82e8e8","reportUrl":"../1057//#testresult/2a61e04def82e8e8","status":"skipped","statusDetails":"Skipped: https://warthogs.atlassian.net/browse/DPE-4903","time":{"start":1724464936997,"stop":1724464936997,"duration":0}},{"uid":"61aae1ab8fe2a5f8","reportUrl":"../1051//#testresult/61aae1ab8fe2a5f8","status":"skipped","statusDetails":"Skipped: https://warthogs.atlassian.net/browse/DPE-4903","time":{"start":1724378548008,"stop":1724378548008,"duration":0}},{"uid":"776871acd3173ec1","reportUrl":"../1049//#testresult/776871acd3173ec1","status":"skipped","statusDetails":"Skipped: https://warthogs.atlassian.net/browse/DPE-4903","time":{"start":1724291640623,"stop":1724291640623,"duration":0}},{"uid":"cfbd898912cec663","reportUrl":"../1047//#testresult/cfbd898912cec663","status":"skipped","statusDetails":"Skipped: https://warthogs.atlassian.net/browse/DPE-4903","time":{"start":1724206665273,"stop":1724206665273,"duration":0}},{"uid":"c56574f44ff644bb","reportUrl":"../1040//#testresult/c56574f44ff644bb","status":"skipped","statusDetails":"Skipped: https://warthogs.atlassian.net/browse/DPE-4903","time":{"start":1724119342274,"stop":1724119342274,"duration":0}}]},"tags":["skip_if_deployed","runner(['self-hosted', 'linux', 'X64', 'jammy', 'large'])","asyncio","abort_on_fail","group(1)"]},"source":"359c8e3770e7e05.json","parameterValues":[]}