[32mINFO    [0m pytest_operator.plugin:plugin.py:862 Model status:

Model  Controller           Cloud/Region         Version  SLA          Timestamp
test   localhost-localhost  localhost/localhost  3.5.3    unsupported  02:01:04Z

App                       Version  Status   Scale  Charm                     Channel        Rev  Exposed  Message
application                        blocked      1  application                                0  no       No connection to opensearch charm
grafana-agent                      unknown      0  grafana-agent             latest/stable  216  no       
opensearch                         active       3  opensearch                2/edge         171  no       
opensearch-dashboards              blocked      3  opensearch-dashboards                      0  no       Opensearch connection is missing
self-signed-certificates           active       1  self-signed-certificates  latest/stable  155  no       

Unit                         Workload  Agent      Machine  Public address  Ports     Message
application/0*               blocked   idle       7        10.172.221.96             No connection to opensearch charm
opensearch-dashboards/0*     blocked   idle       0        10.172.221.133  5601/tcp  Opensearch connection is missing
opensearch-dashboards/1      blocked   idle       1        10.172.221.244  5601/tcp  Opensearch connection is missing
opensearch-dashboards/2      blocked   idle       2        10.172.221.3    5601/tcp  Opensearch connection is missing
opensearch/0*                active    executing  4        10.172.221.193  9200/tcp  
opensearch/1                 active    executing  5        10.172.221.2    9200/tcp  
opensearch/2                 active    executing  6        10.172.221.201  9200/tcp  
self-signed-certificates/0*  active    idle       3        10.172.221.203            

Machine  State    Address         Inst id        Base          AZ  Message
0        started  10.172.221.133  juju-c3ef53-0  ubuntu@22.04      Running
1        started  10.172.221.244  juju-c3ef53-1  ubuntu@22.04      Running
2        started  10.172.221.3    juju-c3ef53-2  ubuntu@22.04      Running
3        started  10.172.221.203  juju-c3ef53-3  ubuntu@22.04      Running
4        started  10.172.221.193  juju-c3ef53-4  ubuntu@22.04      Running
5        started  10.172.221.2    juju-c3ef53-5  ubuntu@22.04      Running
6        started  10.172.221.201  juju-c3ef53-6  ubuntu@22.04      Running
7        started  10.172.221.96   juju-c3ef53-7  ubuntu@22.04      Running

[32mINFO    [0m pytest_operator.plugin:plugin.py:868 Juju error logs:

machine-7: 01:43:28 ERROR juju.worker.dependency "lxd-container-provisioner" manifold worker returned unexpected error: container types not yet available
machine-7: 01:43:28 ERROR juju.worker.dependency "kvm-container-provisioner" manifold worker returned unexpected error: container types not yet available
unit-application-0: 01:43:28 ERROR juju.worker.meterstatus error running "meter-status-changed": charm missing from disk
machine-0: 01:43:30 ERROR juju.worker.dependency "lxd-container-provisioner" manifold worker returned unexpected error: container types not yet available
machine-0: 01:43:30 ERROR juju.worker.dependency "kvm-container-provisioner" manifold worker returned unexpected error: container types not yet available
unit-opensearch-dashboards-0: 01:43:30 ERROR juju.worker.meterstatus error running "meter-status-changed": charm missing from disk
machine-1: 01:43:31 ERROR juju.worker.dependency "lxd-container-provisioner" manifold worker returned unexpected error: container types not yet available
machine-1: 01:43:31 ERROR juju.worker.dependency "kvm-container-provisioner" manifold worker returned unexpected error: container types not yet available
unit-opensearch-dashboards-1: 01:43:31 ERROR juju.worker.meterstatus error running "meter-status-changed": charm missing from disk
machine-4: 01:43:32 ERROR juju.worker.dependency "lxd-container-provisioner" manifold worker returned unexpected error: container types not yet available
machine-4: 01:43:32 ERROR juju.worker.dependency "kvm-container-provisioner" manifold worker returned unexpected error: container types not yet available
unit-opensearch-0: 01:43:32 ERROR juju.worker.meterstatus error running "meter-status-changed": charm missing from disk
machine-2: 01:43:38 ERROR juju.worker.dependency "lxd-container-provisioner" manifold worker returned unexpected error: container types not yet available
machine-2: 01:43:38 ERROR juju.worker.dependency "kvm-container-provisioner" manifold worker returned unexpected error: container types not yet available
unit-opensearch-dashboards-2: 01:43:38 ERROR juju.worker.meterstatus error running "meter-status-changed": charm missing from disk
machine-3: 01:43:39 ERROR juju.worker.dependency "kvm-container-provisioner" manifold worker returned unexpected error: container types not yet available
machine-3: 01:43:39 ERROR juju.worker.dependency "lxd-container-provisioner" manifold worker returned unexpected error: container types not yet available
unit-self-signed-certificates-0: 01:43:39 ERROR juju.worker.meterstatus error running "meter-status-changed": charm missing from disk
machine-6: 01:43:41 ERROR juju.worker.dependency "kvm-container-provisioner" manifold worker returned unexpected error: container types not yet available
machine-6: 01:43:41 ERROR juju.worker.dependency "lxd-container-provisioner" manifold worker returned unexpected error: container types not yet available
unit-opensearch-2: 01:43:42 ERROR juju.worker.meterstatus error running "meter-status-changed": charm missing from disk
machine-5: 01:43:46 ERROR juju.worker.dependency "lxd-container-provisioner" manifold worker returned unexpected error: container types not yet available
machine-5: 01:43:46 ERROR juju.worker.dependency "kvm-container-provisioner" manifold worker returned unexpected error: container types not yet available
unit-opensearch-1: 01:43:47 ERROR juju.worker.meterstatus error running "meter-status-changed": charm missing from disk
unit-application-0: 01:48:30 ERROR unit.application/0.juju-log connection check to opensearch charm failed
unit-application-0: 01:53:23 ERROR unit.application/0.juju-log connection check to opensearch charm failed
unit-application-0: 01:58:46 ERROR unit.application/0.juju-log connection check to opensearch charm failed
unit-opensearch-0: 01:59:42 ERROR unit.opensearch/0.juju-log certificates:7: err:  / out: keytool error: java.lang.Exception: Keystore file does not exist: /var/snap/opensearch/current/etc/opensearch/certificates/ca.p12

unit-opensearch-0: 01:59:50 ERROR unit.opensearch/0.juju-log Cannot connect to the OpenSearch server...
unit-opensearch-0: 01:59:51 ERROR unit.opensearch/0.juju-log Cannot connect to the OpenSearch server...
unit-opensearch-0: 01:59:52 ERROR unit.opensearch/0.juju-log Cannot connect to the OpenSearch server...
unit-opensearch-0: 01:59:52 ERROR unit.opensearch/0.juju-log Cannot connect to the OpenSearch server...
unit-opensearch-0: 01:59:55 ERROR unit.opensearch/0.juju-log Cannot connect to the OpenSearch server...
unit-opensearch-0: 01:59:58 ERROR unit.opensearch/0.juju-log Cannot connect to the OpenSearch server...
unit-opensearch-0: 02:00:01 ERROR unit.opensearch/0.juju-log Cannot connect to the OpenSearch server...
unit-opensearch-0: 02:00:04 ERROR unit.opensearch/0.juju-log Cannot connect to the OpenSearch server...
unit-opensearch-0: 02:00:07 ERROR unit.opensearch/0.juju-log Cannot connect to the OpenSearch server...
unit-opensearch-0: 02:00:10 ERROR unit.opensearch/0.juju-log Cannot connect to the OpenSearch server...
unit-opensearch-1: 02:00:10 ERROR unit.opensearch/1.juju-log certificates:7: err:  / out: keytool error: java.lang.Exception: Keystore file does not exist: /var/snap/opensearch/current/etc/opensearch/certificates/ca.p12

unit-opensearch-2: 02:00:15 ERROR unit.opensearch/2.juju-log certificates:7: err:  / out: keytool error: java.lang.Exception: Keystore file does not exist: /var/snap/opensearch/current/etc/opensearch/certificates/ca.p12

unit-opensearch-1: 02:00:17 ERROR unit.opensearch/1.juju-log Cannot connect to the OpenSearch server...
unit-opensearch-1: 02:00:18 ERROR unit.opensearch/1.juju-log Cannot connect to the OpenSearch server...
unit-opensearch-1: 02:00:19 ERROR unit.opensearch/1.juju-log opensearch-peers:4: Cannot connect to the OpenSearch server...
unit-opensearch-1: 02:00:20 ERROR unit.opensearch/1.juju-log opensearch-peers:4: Cannot connect to the OpenSearch server...
unit-opensearch-1: 02:00:22 ERROR unit.opensearch/1.juju-log node-lock-fallback:6: Cannot connect to the OpenSearch server...
unit-opensearch-2: 02:00:22 ERROR unit.opensearch/2.juju-log Cannot connect to the OpenSearch server...
unit-opensearch-1: 02:00:23 ERROR unit.opensearch/1.juju-log node-lock-fallback:6: Cannot connect to the OpenSearch server...
unit-opensearch-2: 02:00:23 ERROR unit.opensearch/2.juju-log Cannot connect to the OpenSearch server...
unit-opensearch-1: 02:00:24 ERROR unit.opensearch/1.juju-log Cannot connect to the OpenSearch server...
unit-opensearch-2: 02:00:24 ERROR unit.opensearch/2.juju-log Cannot connect to the OpenSearch server...
unit-opensearch-1: 02:00:25 ERROR unit.opensearch/1.juju-log opensearch-peers:4: Cannot connect to the OpenSearch server...
unit-opensearch-2: 02:00:25 ERROR unit.opensearch/2.juju-log node-lock-fallback:6: Cannot connect to the OpenSearch server...
unit-opensearch-2: 02:00:26 ERROR unit.opensearch/2.juju-log node-lock-fallback:6: Cannot connect to the OpenSearch server...
unit-opensearch-1: 02:00:26 ERROR unit.opensearch/1.juju-log certificates:7: Cannot connect to the OpenSearch server...
unit-opensearch-1: 02:00:28 ERROR unit.opensearch/1.juju-log certificates:7: Cannot connect to the OpenSearch server...
unit-opensearch-2: 02:00:29 ERROR unit.opensearch/2.juju-log node-lock-fallback:6: Cannot connect to the OpenSearch server...
unit-opensearch-2: 02:00:31 ERROR unit.opensearch/2.juju-log node-lock-fallback:6: Cannot connect to the OpenSearch server...

[32mINFO    [0m pytest_operator.plugin:plugin.py:947 Forgetting model main...