{"uid":"8f30fa9365f6a210","name":"test_horizontal_scale_up_http","fullName":"tests.integration.ha.test_scaling#test_horizontal_scale_up_http","historyId":"9857b240f49a2fddad5113442a947e32","time":{"start":1727055335817,"stop":1727056336157,"duration":1000340},"description":"Testing that newly added units are functional.","descriptionHtml":"<p>Testing that newly added units are functional.</p>\n","status":"broken","statusMessage":"asyncio.exceptions.TimeoutError: Timed out waiting for model:\nopensearch-dashboards/1 [idle] blocked: Opensearch connection is missing\n  opensearch-dashboards/2 [executing] maintenance: installing Opensearch Dashboards...","statusTrace":"Traceback (most recent call last):\n  File \"/home/ubuntu/actions-runner/_work/opensearch-dashboards-operator/opensearch-dashboards-operator/.tox/integration/lib/python3.10/site-packages/_pytest/runner.py\", line 341, in from_call\n    result: TResult | None = func()\n  File \"/home/ubuntu/actions-runner/_work/opensearch-dashboards-operator/opensearch-dashboards-operator/.tox/integration/lib/python3.10/site-packages/_pytest/runner.py\", line 242, in <lambda>\n    lambda: runtest_hook(item=item, **kwds), when=when, reraise=reraise\n  File \"/home/ubuntu/actions-runner/_work/opensearch-dashboards-operator/opensearch-dashboards-operator/.tox/integration/lib/python3.10/site-packages/pluggy/_hooks.py\", line 513, in __call__\n    return self._hookexec(self.name, self._hookimpls.copy(), kwargs, firstresult)\n  File \"/home/ubuntu/actions-runner/_work/opensearch-dashboards-operator/opensearch-dashboards-operator/.tox/integration/lib/python3.10/site-packages/pluggy/_manager.py\", line 120, in _hookexec\n    return self._inner_hookexec(hook_name, methods, kwargs, firstresult)\n  File \"/home/ubuntu/actions-runner/_work/opensearch-dashboards-operator/opensearch-dashboards-operator/.tox/integration/lib/python3.10/site-packages/pluggy/_callers.py\", line 182, in _multicall\n    return outcome.get_result()\n  File \"/home/ubuntu/actions-runner/_work/opensearch-dashboards-operator/opensearch-dashboards-operator/.tox/integration/lib/python3.10/site-packages/pluggy/_result.py\", line 100, in get_result\n    raise exc.with_traceback(exc.__traceback__)\n  File \"/home/ubuntu/actions-runner/_work/opensearch-dashboards-operator/opensearch-dashboards-operator/.tox/integration/lib/python3.10/site-packages/pluggy/_callers.py\", line 167, in _multicall\n    teardown.throw(outcome._exception)\n  File \"/home/ubuntu/actions-runner/_work/opensearch-dashboards-operator/opensearch-dashboards-operator/.tox/integration/lib/python3.10/site-packages/_pytest/threadexception.py\", line 92, in pytest_runtest_call\n    yield from thread_exception_runtest_hook()\n  File \"/home/ubuntu/actions-runner/_work/opensearch-dashboards-operator/opensearch-dashboards-operator/.tox/integration/lib/python3.10/site-packages/_pytest/threadexception.py\", line 68, in thread_exception_runtest_hook\n    yield\n  File \"/home/ubuntu/actions-runner/_work/opensearch-dashboards-operator/opensearch-dashboards-operator/.tox/integration/lib/python3.10/site-packages/pluggy/_callers.py\", line 167, in _multicall\n    teardown.throw(outcome._exception)\n  File \"/home/ubuntu/actions-runner/_work/opensearch-dashboards-operator/opensearch-dashboards-operator/.tox/integration/lib/python3.10/site-packages/_pytest/unraisableexception.py\", line 95, in pytest_runtest_call\n    yield from unraisable_exception_runtest_hook()\n  File \"/home/ubuntu/actions-runner/_work/opensearch-dashboards-operator/opensearch-dashboards-operator/.tox/integration/lib/python3.10/site-packages/_pytest/unraisableexception.py\", line 70, in unraisable_exception_runtest_hook\n    yield\n  File \"/home/ubuntu/actions-runner/_work/opensearch-dashboards-operator/opensearch-dashboards-operator/.tox/integration/lib/python3.10/site-packages/pluggy/_callers.py\", line 167, in _multicall\n    teardown.throw(outcome._exception)\n  File \"/home/ubuntu/actions-runner/_work/opensearch-dashboards-operator/opensearch-dashboards-operator/.tox/integration/lib/python3.10/site-packages/_pytest/logging.py\", line 848, in pytest_runtest_call\n    yield from self._runtest_for(item, \"call\")\n  File \"/home/ubuntu/actions-runner/_work/opensearch-dashboards-operator/opensearch-dashboards-operator/.tox/integration/lib/python3.10/site-packages/_pytest/logging.py\", line 831, in _runtest_for\n    yield\n  File \"/home/ubuntu/actions-runner/_work/opensearch-dashboards-operator/opensearch-dashboards-operator/.tox/integration/lib/python3.10/site-packages/pluggy/_callers.py\", line 167, in _multicall\n    teardown.throw(outcome._exception)\n  File \"/home/ubuntu/actions-runner/_work/opensearch-dashboards-operator/opensearch-dashboards-operator/.tox/integration/lib/python3.10/site-packages/_pytest/capture.py\", line 879, in pytest_runtest_call\n    return (yield)\n  File \"/home/ubuntu/actions-runner/_work/opensearch-dashboards-operator/opensearch-dashboards-operator/.tox/integration/lib/python3.10/site-packages/pluggy/_callers.py\", line 167, in _multicall\n    teardown.throw(outcome._exception)\n  File \"/home/ubuntu/actions-runner/_work/opensearch-dashboards-operator/opensearch-dashboards-operator/.tox/integration/lib/python3.10/site-packages/_pytest/skipping.py\", line 257, in pytest_runtest_call\n    return (yield)\n  File \"/home/ubuntu/actions-runner/_work/opensearch-dashboards-operator/opensearch-dashboards-operator/.tox/integration/lib/python3.10/site-packages/pluggy/_callers.py\", line 103, in _multicall\n    res = hook_impl.function(*args)\n  File \"/home/ubuntu/actions-runner/_work/opensearch-dashboards-operator/opensearch-dashboards-operator/.tox/integration/lib/python3.10/site-packages/_pytest/runner.py\", line 174, in pytest_runtest_call\n    item.runtest()\n  File \"/home/ubuntu/actions-runner/_work/opensearch-dashboards-operator/opensearch-dashboards-operator/.tox/integration/lib/python3.10/site-packages/_pytest/python.py\", line 1627, in runtest\n    self.ihook.pytest_pyfunc_call(pyfuncitem=self)\n  File \"/home/ubuntu/actions-runner/_work/opensearch-dashboards-operator/opensearch-dashboards-operator/.tox/integration/lib/python3.10/site-packages/pluggy/_hooks.py\", line 513, in __call__\n    return self._hookexec(self.name, self._hookimpls.copy(), kwargs, firstresult)\n  File \"/home/ubuntu/actions-runner/_work/opensearch-dashboards-operator/opensearch-dashboards-operator/.tox/integration/lib/python3.10/site-packages/pluggy/_manager.py\", line 120, in _hookexec\n    return self._inner_hookexec(hook_name, methods, kwargs, firstresult)\n  File \"/home/ubuntu/actions-runner/_work/opensearch-dashboards-operator/opensearch-dashboards-operator/.tox/integration/lib/python3.10/site-packages/pluggy/_callers.py\", line 182, in _multicall\n    return outcome.get_result()\n  File \"/home/ubuntu/actions-runner/_work/opensearch-dashboards-operator/opensearch-dashboards-operator/.tox/integration/lib/python3.10/site-packages/pluggy/_result.py\", line 100, in get_result\n    raise exc.with_traceback(exc.__traceback__)\n  File \"/home/ubuntu/actions-runner/_work/opensearch-dashboards-operator/opensearch-dashboards-operator/.tox/integration/lib/python3.10/site-packages/pluggy/_callers.py\", line 103, in _multicall\n    res = hook_impl.function(*args)\n  File \"/home/ubuntu/actions-runner/_work/opensearch-dashboards-operator/opensearch-dashboards-operator/.tox/integration/lib/python3.10/site-packages/_pytest/python.py\", line 159, in pytest_pyfunc_call\n    result = testfunction(**testargs)\n  File \"/home/ubuntu/actions-runner/_work/opensearch-dashboards-operator/opensearch-dashboards-operator/.tox/integration/lib/python3.10/site-packages/pytest_asyncio/plugin.py\", line 529, in inner\n    _loop.run_until_complete(task)\n  File \"/usr/lib/python3.10/asyncio/base_events.py\", line 649, in run_until_complete\n    return future.result()\n  File \"/home/ubuntu/actions-runner/_work/opensearch-dashboards-operator/opensearch-dashboards-operator/tests/integration/ha/test_scaling.py\", line 147, in test_horizontal_scale_up_http\n    await scale_up(ops_test, amount=len(HTTP_UNITS) - 1)\n  File \"/home/ubuntu/actions-runner/_work/opensearch-dashboards-operator/opensearch-dashboards-operator/tests/integration/ha/test_scaling.py\", line 93, in scale_up\n    await ops_test.model.wait_for_idle(\n  File \"/home/ubuntu/actions-runner/_work/opensearch-dashboards-operator/opensearch-dashboards-operator/.tox/integration/lib/python3.10/site-packages/juju/model.py\", line 2970, in wait_for_idle\n    raise jasyncio.TimeoutError(\"Timed out waiting for model:\\n\" + busy)\nasyncio.exceptions.TimeoutError: Timed out waiting for model:\nopensearch-dashboards/1 [idle] blocked: Opensearch connection is missing\n  opensearch-dashboards/2 [executing] maintenance: installing Opensearch Dashboards...","flaky":false,"newFailed":false,"newBroken":true,"newPassed":false,"retriesCount":1,"retriesStatusChange":true,"beforeStages":[{"name":"event_loop","time":{"start":1727054984702,"stop":1727054984702,"duration":0},"status":"passed","steps":[],"attachments":[],"parameters":[],"stepsCount":0,"shouldDisplayMessage":false,"attachmentsCount":0,"hasContent":false,"attachmentStep":false},{"name":"tmp_path_factory","time":{"start":1727054984702,"stop":1727054984702,"duration":0},"status":"passed","steps":[],"attachments":[],"parameters":[],"stepsCount":0,"shouldDisplayMessage":false,"attachmentsCount":0,"hasContent":false,"attachmentStep":false},{"name":"opensearch_sysctl_settings","time":{"start":1727054984702,"stop":1727054984734,"duration":32},"status":"passed","steps":[],"attachments":[],"parameters":[],"stepsCount":0,"shouldDisplayMessage":false,"attachmentsCount":0,"hasContent":false,"attachmentStep":false},{"name":"ops_test","time":{"start":1727054984734,"stop":1727054984888,"duration":154},"status":"passed","steps":[],"attachments":[],"parameters":[],"stepsCount":0,"shouldDisplayMessage":false,"attachmentsCount":0,"hasContent":false,"attachmentStep":false},{"name":"abort_on_fail","time":{"start":1727055335816,"stop":1727055335816,"duration":0},"status":"passed","steps":[],"attachments":[],"parameters":[],"stepsCount":0,"shouldDisplayMessage":false,"attachmentsCount":0,"hasContent":false,"attachmentStep":false}],"testStage":{"description":"Testing that newly added units are functional.","status":"broken","statusMessage":"asyncio.exceptions.TimeoutError: Timed out waiting for model:\nopensearch-dashboards/1 [idle] blocked: Opensearch connection is missing\n  opensearch-dashboards/2 [executing] maintenance: installing Opensearch Dashboards...","statusTrace":"Traceback (most recent call last):\n  File \"/home/ubuntu/actions-runner/_work/opensearch-dashboards-operator/opensearch-dashboards-operator/.tox/integration/lib/python3.10/site-packages/_pytest/runner.py\", line 341, in from_call\n    result: TResult | None = func()\n  File \"/home/ubuntu/actions-runner/_work/opensearch-dashboards-operator/opensearch-dashboards-operator/.tox/integration/lib/python3.10/site-packages/_pytest/runner.py\", line 242, in <lambda>\n    lambda: runtest_hook(item=item, **kwds), when=when, reraise=reraise\n  File \"/home/ubuntu/actions-runner/_work/opensearch-dashboards-operator/opensearch-dashboards-operator/.tox/integration/lib/python3.10/site-packages/pluggy/_hooks.py\", line 513, in __call__\n    return self._hookexec(self.name, self._hookimpls.copy(), kwargs, firstresult)\n  File \"/home/ubuntu/actions-runner/_work/opensearch-dashboards-operator/opensearch-dashboards-operator/.tox/integration/lib/python3.10/site-packages/pluggy/_manager.py\", line 120, in _hookexec\n    return self._inner_hookexec(hook_name, methods, kwargs, firstresult)\n  File \"/home/ubuntu/actions-runner/_work/opensearch-dashboards-operator/opensearch-dashboards-operator/.tox/integration/lib/python3.10/site-packages/pluggy/_callers.py\", line 182, in _multicall\n    return outcome.get_result()\n  File \"/home/ubuntu/actions-runner/_work/opensearch-dashboards-operator/opensearch-dashboards-operator/.tox/integration/lib/python3.10/site-packages/pluggy/_result.py\", line 100, in get_result\n    raise exc.with_traceback(exc.__traceback__)\n  File \"/home/ubuntu/actions-runner/_work/opensearch-dashboards-operator/opensearch-dashboards-operator/.tox/integration/lib/python3.10/site-packages/pluggy/_callers.py\", line 167, in _multicall\n    teardown.throw(outcome._exception)\n  File \"/home/ubuntu/actions-runner/_work/opensearch-dashboards-operator/opensearch-dashboards-operator/.tox/integration/lib/python3.10/site-packages/_pytest/threadexception.py\", line 92, in pytest_runtest_call\n    yield from thread_exception_runtest_hook()\n  File \"/home/ubuntu/actions-runner/_work/opensearch-dashboards-operator/opensearch-dashboards-operator/.tox/integration/lib/python3.10/site-packages/_pytest/threadexception.py\", line 68, in thread_exception_runtest_hook\n    yield\n  File \"/home/ubuntu/actions-runner/_work/opensearch-dashboards-operator/opensearch-dashboards-operator/.tox/integration/lib/python3.10/site-packages/pluggy/_callers.py\", line 167, in _multicall\n    teardown.throw(outcome._exception)\n  File \"/home/ubuntu/actions-runner/_work/opensearch-dashboards-operator/opensearch-dashboards-operator/.tox/integration/lib/python3.10/site-packages/_pytest/unraisableexception.py\", line 95, in pytest_runtest_call\n    yield from unraisable_exception_runtest_hook()\n  File \"/home/ubuntu/actions-runner/_work/opensearch-dashboards-operator/opensearch-dashboards-operator/.tox/integration/lib/python3.10/site-packages/_pytest/unraisableexception.py\", line 70, in unraisable_exception_runtest_hook\n    yield\n  File \"/home/ubuntu/actions-runner/_work/opensearch-dashboards-operator/opensearch-dashboards-operator/.tox/integration/lib/python3.10/site-packages/pluggy/_callers.py\", line 167, in _multicall\n    teardown.throw(outcome._exception)\n  File \"/home/ubuntu/actions-runner/_work/opensearch-dashboards-operator/opensearch-dashboards-operator/.tox/integration/lib/python3.10/site-packages/_pytest/logging.py\", line 848, in pytest_runtest_call\n    yield from self._runtest_for(item, \"call\")\n  File \"/home/ubuntu/actions-runner/_work/opensearch-dashboards-operator/opensearch-dashboards-operator/.tox/integration/lib/python3.10/site-packages/_pytest/logging.py\", line 831, in _runtest_for\n    yield\n  File \"/home/ubuntu/actions-runner/_work/opensearch-dashboards-operator/opensearch-dashboards-operator/.tox/integration/lib/python3.10/site-packages/pluggy/_callers.py\", line 167, in _multicall\n    teardown.throw(outcome._exception)\n  File \"/home/ubuntu/actions-runner/_work/opensearch-dashboards-operator/opensearch-dashboards-operator/.tox/integration/lib/python3.10/site-packages/_pytest/capture.py\", line 879, in pytest_runtest_call\n    return (yield)\n  File \"/home/ubuntu/actions-runner/_work/opensearch-dashboards-operator/opensearch-dashboards-operator/.tox/integration/lib/python3.10/site-packages/pluggy/_callers.py\", line 167, in _multicall\n    teardown.throw(outcome._exception)\n  File \"/home/ubuntu/actions-runner/_work/opensearch-dashboards-operator/opensearch-dashboards-operator/.tox/integration/lib/python3.10/site-packages/_pytest/skipping.py\", line 257, in pytest_runtest_call\n    return (yield)\n  File \"/home/ubuntu/actions-runner/_work/opensearch-dashboards-operator/opensearch-dashboards-operator/.tox/integration/lib/python3.10/site-packages/pluggy/_callers.py\", line 103, in _multicall\n    res = hook_impl.function(*args)\n  File \"/home/ubuntu/actions-runner/_work/opensearch-dashboards-operator/opensearch-dashboards-operator/.tox/integration/lib/python3.10/site-packages/_pytest/runner.py\", line 174, in pytest_runtest_call\n    item.runtest()\n  File \"/home/ubuntu/actions-runner/_work/opensearch-dashboards-operator/opensearch-dashboards-operator/.tox/integration/lib/python3.10/site-packages/_pytest/python.py\", line 1627, in runtest\n    self.ihook.pytest_pyfunc_call(pyfuncitem=self)\n  File \"/home/ubuntu/actions-runner/_work/opensearch-dashboards-operator/opensearch-dashboards-operator/.tox/integration/lib/python3.10/site-packages/pluggy/_hooks.py\", line 513, in __call__\n    return self._hookexec(self.name, self._hookimpls.copy(), kwargs, firstresult)\n  File \"/home/ubuntu/actions-runner/_work/opensearch-dashboards-operator/opensearch-dashboards-operator/.tox/integration/lib/python3.10/site-packages/pluggy/_manager.py\", line 120, in _hookexec\n    return self._inner_hookexec(hook_name, methods, kwargs, firstresult)\n  File \"/home/ubuntu/actions-runner/_work/opensearch-dashboards-operator/opensearch-dashboards-operator/.tox/integration/lib/python3.10/site-packages/pluggy/_callers.py\", line 182, in _multicall\n    return outcome.get_result()\n  File \"/home/ubuntu/actions-runner/_work/opensearch-dashboards-operator/opensearch-dashboards-operator/.tox/integration/lib/python3.10/site-packages/pluggy/_result.py\", line 100, in get_result\n    raise exc.with_traceback(exc.__traceback__)\n  File \"/home/ubuntu/actions-runner/_work/opensearch-dashboards-operator/opensearch-dashboards-operator/.tox/integration/lib/python3.10/site-packages/pluggy/_callers.py\", line 103, in _multicall\n    res = hook_impl.function(*args)\n  File \"/home/ubuntu/actions-runner/_work/opensearch-dashboards-operator/opensearch-dashboards-operator/.tox/integration/lib/python3.10/site-packages/_pytest/python.py\", line 159, in pytest_pyfunc_call\n    result = testfunction(**testargs)\n  File \"/home/ubuntu/actions-runner/_work/opensearch-dashboards-operator/opensearch-dashboards-operator/.tox/integration/lib/python3.10/site-packages/pytest_asyncio/plugin.py\", line 529, in inner\n    _loop.run_until_complete(task)\n  File \"/usr/lib/python3.10/asyncio/base_events.py\", line 649, in run_until_complete\n    return future.result()\n  File \"/home/ubuntu/actions-runner/_work/opensearch-dashboards-operator/opensearch-dashboards-operator/tests/integration/ha/test_scaling.py\", line 147, in test_horizontal_scale_up_http\n    await scale_up(ops_test, amount=len(HTTP_UNITS) - 1)\n  File \"/home/ubuntu/actions-runner/_work/opensearch-dashboards-operator/opensearch-dashboards-operator/tests/integration/ha/test_scaling.py\", line 93, in scale_up\n    await ops_test.model.wait_for_idle(\n  File \"/home/ubuntu/actions-runner/_work/opensearch-dashboards-operator/opensearch-dashboards-operator/.tox/integration/lib/python3.10/site-packages/juju/model.py\", line 2970, in wait_for_idle\n    raise jasyncio.TimeoutError(\"Timed out waiting for model:\\n\" + busy)\nasyncio.exceptions.TimeoutError: Timed out waiting for model:\nopensearch-dashboards/1 [idle] blocked: Opensearch connection is missing\n  opensearch-dashboards/2 [executing] maintenance: installing Opensearch Dashboards...","steps":[],"attachments":[{"uid":"f77fb13e27c926af","name":"log","source":"f77fb13e27c926af.txt","type":"text/plain","size":7602}],"parameters":[],"stepsCount":0,"shouldDisplayMessage":true,"attachmentsCount":1,"hasContent":true,"attachmentStep":false},"afterStages":[{"name":"abort_on_fail::0","time":{"start":1727056336161,"stop":1727056336161,"duration":0},"status":"passed","steps":[],"attachments":[],"parameters":[],"stepsCount":0,"shouldDisplayMessage":false,"attachmentsCount":0,"hasContent":false,"attachmentStep":false},{"name":"ops_test::finalizer","time":{"start":1727056336180,"stop":1727056336552,"duration":372},"status":"passed","steps":[],"attachments":[],"parameters":[],"stepsCount":0,"shouldDisplayMessage":false,"attachmentsCount":0,"hasContent":false,"attachmentStep":false},{"name":"event_loop::2","time":{"start":1727056336553,"stop":1727056336553,"duration":0},"status":"passed","steps":[],"attachments":[],"parameters":[],"stepsCount":0,"shouldDisplayMessage":false,"attachmentsCount":0,"hasContent":false,"attachmentStep":false},{"name":"event_loop::_close_event_loop","time":{"start":1727056336553,"stop":1727056336553,"duration":0},"status":"passed","steps":[],"attachments":[],"parameters":[],"stepsCount":0,"shouldDisplayMessage":false,"attachmentsCount":0,"hasContent":false,"attachmentStep":false},{"name":"event_loop::_provide_clean_event_loop","time":{"start":1727056336553,"stop":1727056336554,"duration":1},"status":"passed","steps":[],"attachments":[],"parameters":[],"stepsCount":0,"shouldDisplayMessage":false,"attachmentsCount":0,"hasContent":false,"attachmentStep":false}],"labels":[{"name":"tag","value":"abort_on_fail"},{"name":"tag","value":"group(1)"},{"name":"tag","value":"runner(['self-hosted', 'linux', 'X64', 'jammy', 'large'])"},{"name":"tag","value":"asyncio"},{"name":"parentSuite","value":"tests.integration.ha"},{"name":"suite","value":"test_scaling"},{"name":"host","value":"github-runner"},{"name":"thread","value":"12126-MainThread"},{"name":"framework","value":"pytest"},{"name":"language","value":"cpython3"},{"name":"package","value":"tests.integration.ha.test_scaling"},{"name":"resultFormat","value":"allure2"}],"parameters":[],"links":[],"hidden":false,"retry":false,"extra":{"severity":"normal","retries":[{"uid":"8cf54e364316c8e6","status":"unknown","time":{}}],"categories":[{"name":"Test defects","matchedStatuses":[],"flaky":false}],"history":{"statistic":{"failed":0,"broken":1,"skipped":16,"passed":29,"unknown":2,"total":48},"items":[{"uid":"f3ff428934363293","reportUrl":"../1138//#testresult/f3ff428934363293","status":"passed","time":{"start":1726969009749,"stop":1726969232661,"duration":222912}},{"uid":"8ccbebe86f259817","reportUrl":"../1137//#testresult/8ccbebe86f259817","status":"skipped","statusDetails":"XFAIL reason: aborted\n\n_pytest.outcomes.XFailed: aborted","time":{"start":1726883494850,"stop":1726883494850,"duration":0}},{"uid":"54d0626d9d9b140c","reportUrl":"../1131//#testresult/54d0626d9d9b140c","status":"passed","time":{"start":1726796179001,"stop":1726796431219,"duration":252218}},{"uid":"79ae67ba89d5fd9d","reportUrl":"../1127//#testresult/79ae67ba89d5fd9d","status":"passed","time":{"start":1726709833106,"stop":1726710051734,"duration":218628}},{"uid":"fcd5b41e525fb1f6","reportUrl":"../1126//#testresult/fcd5b41e525fb1f6","status":"passed","time":{"start":1726623380383,"stop":1726623813669,"duration":433286}},{"uid":"fe1bb4d5196bd70e","reportUrl":"../1124//#testresult/fe1bb4d5196bd70e","status":"passed","time":{"start":1726536865906,"stop":1726537083387,"duration":217481}},{"uid":"6c0721c2751e3cc4","reportUrl":"../1122//#testresult/6c0721c2751e3cc4","status":"passed","time":{"start":1726450479193,"stop":1726450717977,"duration":238784}},{"uid":"be37788a60426f00","reportUrl":"../1121//#testresult/be37788a60426f00","status":"passed","time":{"start":1726364157311,"stop":1726364642600,"duration":485289}},{"uid":"7132813e1b44977b","reportUrl":"../1120//#testresult/7132813e1b44977b","status":"passed","time":{"start":1726277862610,"stop":1726278140092,"duration":277482}},{"uid":"58cc10d95e6d84ea","reportUrl":"../1115//#testresult/58cc10d95e6d84ea","status":"skipped","statusDetails":"XFAIL reason: aborted\n\n_pytest.outcomes.XFailed: aborted","time":{"start":1726192385554,"stop":1726192385554,"duration":0}},{"uid":"1763b82eaa08310c","reportUrl":"../1103//#testresult/1763b82eaa08310c","status":"skipped","statusDetails":"XFAIL reason: aborted\n\n_pytest.outcomes.XFailed: aborted","time":{"start":1726106097311,"stop":1726106097311,"duration":0}},{"uid":"2b194289549c7278","reportUrl":"../1101//#testresult/2b194289549c7278","status":"passed","time":{"start":1726018470815,"stop":1726018659482,"duration":188667}},{"uid":"71f66df1ea78e814","reportUrl":"../1094//#testresult/71f66df1ea78e814","status":"passed","time":{"start":1725932116270,"stop":1725932340266,"duration":223996}},{"uid":"8a86fb846838261c","reportUrl":"../1089//#testresult/8a86fb846838261c","status":"skipped","statusDetails":"XFAIL reason: aborted\n\n_pytest.outcomes.XFailed: aborted","time":{"start":1725849624689,"stop":1725849624689,"duration":0}},{"uid":"ba29a91fbf1f8ac2","reportUrl":"../1088//#testresult/ba29a91fbf1f8ac2","status":"skipped","statusDetails":"XFAIL reason: aborted\n\n_pytest.outcomes.XFailed: aborted","time":{"start":1725762624023,"stop":1725762624023,"duration":0}},{"uid":"ce6473c8b489f7f8","reportUrl":"../1087//#testresult/ce6473c8b489f7f8","status":"passed","time":{"start":1725674407173,"stop":1725674899400,"duration":492227}},{"uid":"414ab452fe86dd1a","reportUrl":"../1082//#testresult/414ab452fe86dd1a","status":"passed","time":{"start":1725587850374,"stop":1725588067191,"duration":216817}},{"uid":"9f0c1111b1013f46","reportUrl":"../1080//#testresult/9f0c1111b1013f46","status":"skipped","statusDetails":"XFAIL reason: aborted\n\n_pytest.outcomes.XFailed: aborted","time":{"start":1725502268666,"stop":1725502268666,"duration":0}},{"uid":"79614e45ad722cb6","reportUrl":"../1079//#testresult/79614e45ad722cb6","status":"unknown","time":{}},{"uid":"bfdca488f479772d","reportUrl":"../1072//#testresult/bfdca488f479772d","status":"skipped","statusDetails":"XFAIL reason: aborted\n\n_pytest.outcomes.XFailed: aborted","time":{"start":1725329791410,"stop":1725329791410,"duration":0}}]},"tags":["runner(['self-hosted', 'linux', 'X64', 'jammy', 'large'])","asyncio","abort_on_fail","group(1)"]},"source":"8f30fa9365f6a210.json","parameterValues":[]}